  [1m[36m (1.7ms)[0m  [1mCREATE TABLE "schema_migrations" ("version" varchar NOT NULL) [0m
  [1m[35m (0.1ms)[0m  select sqlite_version(*)
  [1m[36m (1.6ms)[0m  [1mCREATE UNIQUE INDEX "unique_schema_migrations" ON "schema_migrations" ("version")[0m
  [1m[35mActiveRecord::SchemaMigration Load (0.1ms)[0m  SELECT "schema_migrations".* FROM "schema_migrations"


Started GET "/" for ::1 at 2015-11-17 17:47:54 -0600
Processing by Rails::WelcomeController#index as HTML
  Rendered /Users/admin/.rvm/gems/ruby-2.1.2/gems/railties-4.2.3/lib/rails/templates/rails/welcome/index.html.erb (2.8ms)
Completed 200 OK in 27ms (Views: 19.4ms | ActiveRecord: 0.0ms)
  [1m[36mActiveRecord::SchemaMigration Load (0.1ms)[0m  [1mSELECT "schema_migrations".* FROM "schema_migrations"[0m
Migrating to CreateStudents (1)
  [1m[35m (0.1ms)[0m  begin transaction
  [1m[36m (0.4ms)[0m  [1mCREATE TABLE "students" ("id" INTEGER PRIMARY KEY AUTOINCREMENT NOT NULL, "first_name" varchar, "last_name" varchar, "created_at" datetime NOT NULL, "updated_at" datetime NOT NULL) [0m
  [1m[35mSQL (0.3ms)[0m  INSERT INTO "schema_migrations" ("version") VALUES (?)  [["version", "1"]]
  [1m[36m (1.4ms)[0m  [1mcommit transaction[0m
  [1m[35mActiveRecord::SchemaMigration Load (0.1ms)[0m  SELECT "schema_migrations".* FROM "schema_migrations"
  [1m[36m (0.1ms)[0m  [1mbegin transaction[0m
  [1m[35mSQL (0.3ms)[0m  INSERT INTO "students" ("first_name", "last_name", "created_at", "updated_at") VALUES (?, ?, ?, ?)  [["first_name", "Jordan"], ["last_name", "Hudgens"], ["created_at", "2015-11-18 00:10:55.545365"], ["updated_at", "2015-11-18 00:10:55.545365"]]
  [1m[36m (2.9ms)[0m  [1mcommit transaction[0m
  [1m[35mStudent Load (0.2ms)[0m  SELECT  "students".* FROM "students"  ORDER BY "students"."id" DESC LIMIT 1
  [1m[36m (0.1ms)[0m  [1mbegin transaction[0m
  [1m[35mSQL (0.3ms)[0m  INSERT INTO "students" ("created_at", "updated_at") VALUES (?, ?)  [["created_at", "2015-11-18 00:17:49.095449"], ["updated_at", "2015-11-18 00:17:49.095449"]]
  [1m[36m (1.2ms)[0m  [1mcommit transaction[0m
  [1m[35mStudent Load (0.2ms)[0m  SELECT  "students".* FROM "students"  ORDER BY "students"."id" DESC LIMIT 1
  [1m[36mActiveRecord::SchemaMigration Load (0.1ms)[0m  [1mSELECT "schema_migrations".* FROM "schema_migrations"[0m
  [1m[35mActiveRecord::SchemaMigration Load (0.1ms)[0m  SELECT "schema_migrations".* FROM "schema_migrations"


Started GET "/" for ::1 at 2015-11-18 13:36:42 -0600
  [1m[36mActiveRecord::SchemaMigration Load (0.1ms)[0m  [1mSELECT "schema_migrations".* FROM "schema_migrations"[0m
Processing by Rails::WelcomeController#index as HTML
  Rendered /Users/admin/.rvm/gems/ruby-2.1.2/gems/railties-4.2.3/lib/rails/templates/rails/welcome/index.html.erb (2.4ms)
Completed 200 OK in 39ms (Views: 24.5ms | ActiveRecord: 0.0ms)


Started GET "/" for ::1 at 2015-11-18 13:37:10 -0600
Processing by Rails::WelcomeController#index as HTML
  Rendered /Users/admin/.rvm/gems/ruby-2.1.2/gems/railties-4.2.3/lib/rails/templates/rails/welcome/index.html.erb (0.0ms)
Completed 200 OK in 1ms (Views: 0.7ms | ActiveRecord: 0.0ms)
  [1m[36mActiveRecord::SchemaMigration Load (0.5ms)[0m  [1mSELECT "schema_migrations".* FROM "schema_migrations"[0m
  [1m[35mActiveRecord::SchemaMigration Load (0.1ms)[0m  SELECT "schema_migrations".* FROM "schema_migrations"
  [1m[36mStudent Load (0.4ms)[0m  [1mSELECT  "students".* FROM "students"  ORDER BY "students"."id" DESC LIMIT 1[0m
  [1m[35mStudent Load (0.2ms)[0m  SELECT  "students".* FROM "students"  ORDER BY "students"."id" DESC LIMIT 1
  [1m[36m (0.1ms)[0m  [1mbegin transaction[0m
  [1m[35mSQL (0.6ms)[0m  DELETE FROM "students" WHERE "students"."id" = ?  [["id", 2]]
  [1m[36m (1.6ms)[0m  [1mcommit transaction[0m
  [1m[35mStudent Load (0.2ms)[0m  SELECT "students".* FROM "students"
  [1m[35m (1.5ms)[0m  [1m[35mCREATE TABLE "ar_internal_metadata" ("key" varchar NOT NULL PRIMARY KEY, "value" varchar, "created_at" datetime NOT NULL, "updated_at" datetime NOT NULL)[0m
  [1m[36mActiveRecord::SchemaMigration Load (0.1ms)[0m  [1m[34mSELECT "schema_migrations".* FROM "schema_migrations"[0m
Migrating to CreateSchoolclasses (20200717214823)
  [1m[36mActiveRecord::SchemaMigration Load (0.2ms)[0m  [1m[34mSELECT "schema_migrations".* FROM "schema_migrations"[0m
Migrating to CreateSchoolclasses (20200717214823)
  [1m[35m (0.0ms)[0m  [1m[36mbegin transaction[0m
  [1m[35m (0.5ms)[0m  [1m[35mCREATE TABLE "schoolclasses" ("id" INTEGER PRIMARY KEY AUTOINCREMENT NOT NULL, "title" varchar, "room_number" integer, "created_at" datetime NOT NULL, "updated_at" datetime NOT NULL)[0m
  [1m[35mSQL (0.1ms)[0m  [1m[32mINSERT INTO "schema_migrations" ("version") VALUES (?)[0m  [["version", "20200717214823"]]
  [1m[35m (0.9ms)[0m  [1m[36mcommit transaction[0m
  [1m[36mActiveRecord::InternalMetadata Load (0.4ms)[0m  [1m[34mSELECT  "ar_internal_metadata".* FROM "ar_internal_metadata" WHERE "ar_internal_metadata"."key" = ? LIMIT ?[0m  [["key", "environment"], ["LIMIT", 1]]
  [1m[35m (0.0ms)[0m  [1m[36mbegin transaction[0m
  [1m[35mSQL (0.6ms)[0m  [1m[32mINSERT INTO "ar_internal_metadata" ("key", "value", "created_at", "updated_at") VALUES (?, ?, ?, ?)[0m  [["key", "environment"], ["value", "development"], ["created_at", "2020-07-17 21:50:19.133022"], ["updated_at", "2020-07-17 21:50:19.133022"]]
  [1m[35m (0.9ms)[0m  [1m[36mcommit transaction[0m
  [1m[36mActiveRecord::SchemaMigration Load (0.1ms)[0m  [1m[34mSELECT "schema_migrations".* FROM "schema_migrations"[0m
Started GET "/" for ::1 at 2020-07-17 17:54:59 -0400
  [1m[36mActiveRecord::SchemaMigration Load (0.2ms)[0m  [1m[34mSELECT "schema_migrations".* FROM "schema_migrations"[0m
Processing by Rails::WelcomeController#index as HTML
  Parameters: {"internal"=>true}
  Rendering /Users/elilandau/.rvm/gems/ruby-2.6.1/gems/railties-5.0.7.1/lib/rails/templates/rails/welcome/index.html.erb
  Rendered /Users/elilandau/.rvm/gems/ruby-2.6.1/gems/railties-5.0.7.1/lib/rails/templates/rails/welcome/index.html.erb (2.8ms)
Completed 200 OK in 14ms (Views: 7.7ms | ActiveRecord: 0.0ms)


  [1m[36mActiveRecord::SchemaMigration Load (0.1ms)[0m  [1m[34mSELECT "schema_migrations".* FROM "schema_migrations"[0m
  [1m[35m (0.0ms)[0m  [1m[36mbegin transaction[0m
  [1m[35mSQL (0.4ms)[0m  [1m[32mINSERT INTO "students" ("first_name", "last_name", "created_at", "updated_at") VALUES (?, ?, ?, ?)[0m  [["first_name", "eli"], ["last_name", "landau"], ["created_at", "2020-07-17 21:59:38.683928"], ["updated_at", "2020-07-17 21:59:38.683928"]]
  [1m[35m (1.1ms)[0m  [1m[36mcommit transaction[0m
  [1m[35m (0.0ms)[0m  [1m[36mbegin transaction[0m
  [1m[35mSQL (0.3ms)[0m  [1m[32mINSERT INTO "students" ("first_name", "last_name", "created_at", "updated_at") VALUES (?, ?, ?, ?)[0m  [["first_name", "chiara"], ["last_name", "cafiero"], ["created_at", "2020-07-17 21:59:38.686381"], ["updated_at", "2020-07-17 21:59:38.686381"]]
  [1m[35m (1.1ms)[0m  [1m[36mcommit transaction[0m
Started GET "/students" for ::1 at 2020-07-17 17:59:50 -0400
  [1m[36mActiveRecord::SchemaMigration Load (0.1ms)[0m  [1m[34mSELECT "schema_migrations".* FROM "schema_migrations"[0m
Processing by StudentsController#index as HTML
  Parameters: {"to"=>[:index, :show, :new, :create, :edit, :update]}
  Rendering students/index.html.erb within layouts/application
  Rendered students/index.html.erb within layouts/application (1.3ms)
Completed 200 OK in 366ms (Views: 360.0ms | ActiveRecord: 0.0ms)


Started GET "/students" for ::1 at 2020-07-17 18:02:09 -0400
Processing by StudentsController#index as HTML
  Parameters: {"to"=>[:index, :show, :new, :create, :edit, :update]}
  Rendering students/index.html.erb within layouts/application
  Rendered students/index.html.erb within layouts/application (0.5ms)
Completed 500 Internal Server Error in 5ms (ActiveRecord: 0.0ms)


  
SyntaxError (/Users/elilandau/Development/code/Mod2/rails-form_for-lab-nyc01-seng-ft-062220/app/views/students/index.html.erb:7: syntax error, unexpected end-of-input, expecting end):
  
app/views/students/index.html.erb:7: syntax error, unexpected end-of-input, expecting end
  Rendering /Users/elilandau/.rvm/gems/ruby-2.6.1/gems/actionpack-5.0.7.1/lib/action_dispatch/middleware/templates/rescues/diagnostics.html.erb within rescues/layout
  Rendering /Users/elilandau/.rvm/gems/ruby-2.6.1/gems/actionpack-5.0.7.1/lib/action_dispatch/middleware/templates/rescues/_source.html.erb
  Rendered /Users/elilandau/.rvm/gems/ruby-2.6.1/gems/actionpack-5.0.7.1/lib/action_dispatch/middleware/templates/rescues/_source.html.erb (2.6ms)
  Rendering /Users/elilandau/.rvm/gems/ruby-2.6.1/gems/actionpack-5.0.7.1/lib/action_dispatch/middleware/templates/rescues/_trace.html.erb
  Rendered /Users/elilandau/.rvm/gems/ruby-2.6.1/gems/actionpack-5.0.7.1/lib/action_dispatch/middleware/templates/rescues/_trace.html.erb (1.2ms)
  Rendering /Users/elilandau/.rvm/gems/ruby-2.6.1/gems/actionpack-5.0.7.1/lib/action_dispatch/middleware/templates/rescues/_request_and_response.html.erb
  Rendered /Users/elilandau/.rvm/gems/ruby-2.6.1/gems/actionpack-5.0.7.1/lib/action_dispatch/middleware/templates/rescues/_request_and_response.html.erb (0.7ms)
  Rendered /Users/elilandau/.rvm/gems/ruby-2.6.1/gems/actionpack-5.0.7.1/lib/action_dispatch/middleware/templates/rescues/diagnostics.html.erb within rescues/layout (21.3ms)
Started GET "/students" for ::1 at 2020-07-17 18:02:35 -0400
Processing by StudentsController#index as HTML
  Parameters: {"to"=>[:index, :show, :new, :create, :edit, :update]}
  Rendering students/index.html.erb within layouts/application
  [1m[36mStudent Load (0.4ms)[0m  [1m[34mSELECT "students".* FROM "students"[0m
  Rendered students/index.html.erb within layouts/application (7.6ms)
Completed 200 OK in 27ms (Views: 24.0ms | ActiveRecord: 1.2ms)


Started GET "/students" for ::1 at 2020-07-17 18:03:11 -0400
Processing by StudentsController#index as HTML
  Parameters: {"to"=>[:index, :show, :new, :create, :edit, :update]}
  Rendering students/index.html.erb within layouts/application
  [1m[36mStudent Load (0.2ms)[0m  [1m[34mSELECT "students".* FROM "students"[0m
  Rendered students/index.html.erb within layouts/application (1.7ms)
Completed 200 OK in 37ms (Views: 34.8ms | ActiveRecord: 0.2ms)


Started GET "/students" for ::1 at 2020-07-17 18:04:52 -0400
Processing by StudentsController#index as HTML
  Parameters: {"to"=>[:index, :show, :new, :create, :edit, :update]}
  Rendering students/index.html.erb within layouts/application
  [1m[36mStudent Load (0.4ms)[0m  [1m[34mSELECT "students".* FROM "students"[0m
  Rendered students/index.html.erb within layouts/application (6.5ms)
Completed 200 OK in 24ms (Views: 19.6ms | ActiveRecord: 1.1ms)


Started GET "/students/3" for ::1 at 2020-07-17 18:04:54 -0400
Processing by StudentsController#show as HTML
  Parameters: {"to"=>[:index, :show, :new, :create, :edit, :update], "id"=>"3"}
  [1m[36mStudent Load (0.2ms)[0m  [1m[34mSELECT  "students".* FROM "students" WHERE "students"."id" = ? LIMIT ?[0m  [["id", 3], ["LIMIT", 1]]
  Rendering students/show.html.erb within layouts/application
  Rendered students/show.html.erb within layouts/application (0.5ms)
Completed 200 OK in 20ms (Views: 14.6ms | ActiveRecord: 0.2ms)


Started GET "/students/4" for ::1 at 2020-07-17 18:04:56 -0400
Processing by StudentsController#show as HTML
  Parameters: {"to"=>[:index, :show, :new, :create, :edit, :update], "id"=>"4"}
  [1m[36mStudent Load (0.4ms)[0m  [1m[34mSELECT  "students".* FROM "students" WHERE "students"."id" = ? LIMIT ?[0m  [["id", 4], ["LIMIT", 1]]
  Rendering students/show.html.erb within layouts/application
  Rendered students/show.html.erb within layouts/application (0.5ms)
Completed 200 OK in 19ms (Views: 15.9ms | ActiveRecord: 0.4ms)


Started GET "/students/new" for ::1 at 2020-07-17 18:09:43 -0400
Processing by StudentsController#new as HTML
  Parameters: {"to"=>[:index, :show, :new, :create, :edit, :update]}
  Rendering students/new.html.erb within layouts/application
  Rendered students/new.html.erb within layouts/application (35.8ms)
Completed 200 OK in 63ms (Views: 55.1ms | ActiveRecord: 0.8ms)


Started GET "/students/new" for ::1 at 2020-07-17 18:09:57 -0400
Processing by StudentsController#new as HTML
  Parameters: {"to"=>[:index, :show, :new, :create, :edit, :update]}
  Rendering students/new.html.erb within layouts/application
  Rendered students/new.html.erb within layouts/application (3.6ms)
Completed 200 OK in 27ms (Views: 24.7ms | ActiveRecord: 0.0ms)


Started GET "/students/new" for ::1 at 2020-07-17 18:13:14 -0400
Processing by StudentsController#new as HTML
  Parameters: {"to"=>[:index, :show, :new, :create, :edit, :update]}
  Rendering students/new.html.erb within layouts/application
  Rendered students/new.html.erb within layouts/application (4.5ms)
Completed 200 OK in 40ms (Views: 29.6ms | ActiveRecord: 0.9ms)


Started POST "/students" for ::1 at 2020-07-17 18:13:20 -0400
Processing by StudentsController#create as HTML
  Parameters: {"utf8"=>"✓", "authenticity_token"=>"NktHdvnXlO1xMX6k72n9GN9KvrYSDQ0+WJQvzYRH4agGdVZpndPwnFNYNla2DhZR3ZdRoWwRi/ptj4yS3AZIPg==", "student"=>{"first_name"=>"testy", "last_name"=>"testerson"}, "commit"=>"Create Student", "to"=>[:index, :show, :new, :create, :edit, :update]}
Completed 500 Internal Server Error in 2ms (ActiveRecord: 0.0ms)


  
NoMethodError (undefined method `create' for nil:NilClass):
  
app/controllers/students_controller.rb:16:in `create'
  Rendering /Users/elilandau/.rvm/gems/ruby-2.6.1/gems/actionpack-5.0.7.1/lib/action_dispatch/middleware/templates/rescues/diagnostics.html.erb within rescues/layout
  Rendering /Users/elilandau/.rvm/gems/ruby-2.6.1/gems/actionpack-5.0.7.1/lib/action_dispatch/middleware/templates/rescues/_source.html.erb
  Rendered /Users/elilandau/.rvm/gems/ruby-2.6.1/gems/actionpack-5.0.7.1/lib/action_dispatch/middleware/templates/rescues/_source.html.erb (1.7ms)
  Rendering /Users/elilandau/.rvm/gems/ruby-2.6.1/gems/actionpack-5.0.7.1/lib/action_dispatch/middleware/templates/rescues/_trace.html.erb
  Rendered /Users/elilandau/.rvm/gems/ruby-2.6.1/gems/actionpack-5.0.7.1/lib/action_dispatch/middleware/templates/rescues/_trace.html.erb (1.1ms)
  Rendering /Users/elilandau/.rvm/gems/ruby-2.6.1/gems/actionpack-5.0.7.1/lib/action_dispatch/middleware/templates/rescues/_request_and_response.html.erb
  Rendered /Users/elilandau/.rvm/gems/ruby-2.6.1/gems/actionpack-5.0.7.1/lib/action_dispatch/middleware/templates/rescues/_request_and_response.html.erb (0.8ms)
  Rendered /Users/elilandau/.rvm/gems/ruby-2.6.1/gems/actionpack-5.0.7.1/lib/action_dispatch/middleware/templates/rescues/diagnostics.html.erb within rescues/layout (15.4ms)
Started GET "/students/new" for ::1 at 2020-07-17 18:15:32 -0400
Processing by StudentsController#new as HTML
  Parameters: {"to"=>[:index, :show, :new, :edit, :update]}
  Rendering students/new.html.erb within layouts/application
  Rendered students/new.html.erb within layouts/application (2.7ms)
Completed 200 OK in 25ms (Views: 16.5ms | ActiveRecord: 0.8ms)


Started POST "/students" for ::1 at 2020-07-17 18:15:39 -0400
Processing by StudentsController#create as HTML
  Parameters: {"utf8"=>"✓", "authenticity_token"=>"KFs1twaDDOEUMlLXYJJVFVxw0eZmIgtn0d98ibcFVmkYZSSoYodokDZbGiU59b5cXq0+8Rg+jaPkxN/W70T//w==", "student"=>{"first_name"=>"testy", "last_name"=>"testerson"}, "commit"=>"Create Student", "to"=>[:index, :show, :new, :edit, :update]}
Completed 500 Internal Server Error in 3ms (ActiveRecord: 0.0ms)


  
NoMethodError (undefined method `create' for nil:NilClass):
  
app/controllers/students_controller.rb:16:in `create'
  Rendering /Users/elilandau/.rvm/gems/ruby-2.6.1/gems/actionpack-5.0.7.1/lib/action_dispatch/middleware/templates/rescues/diagnostics.html.erb within rescues/layout
  Rendering /Users/elilandau/.rvm/gems/ruby-2.6.1/gems/actionpack-5.0.7.1/lib/action_dispatch/middleware/templates/rescues/_source.html.erb
  Rendered /Users/elilandau/.rvm/gems/ruby-2.6.1/gems/actionpack-5.0.7.1/lib/action_dispatch/middleware/templates/rescues/_source.html.erb (1.7ms)
  Rendering /Users/elilandau/.rvm/gems/ruby-2.6.1/gems/actionpack-5.0.7.1/lib/action_dispatch/middleware/templates/rescues/_trace.html.erb
  Rendered /Users/elilandau/.rvm/gems/ruby-2.6.1/gems/actionpack-5.0.7.1/lib/action_dispatch/middleware/templates/rescues/_trace.html.erb (0.9ms)
  Rendering /Users/elilandau/.rvm/gems/ruby-2.6.1/gems/actionpack-5.0.7.1/lib/action_dispatch/middleware/templates/rescues/_request_and_response.html.erb
  Rendered /Users/elilandau/.rvm/gems/ruby-2.6.1/gems/actionpack-5.0.7.1/lib/action_dispatch/middleware/templates/rescues/_request_and_response.html.erb (1.0ms)
  Rendered /Users/elilandau/.rvm/gems/ruby-2.6.1/gems/actionpack-5.0.7.1/lib/action_dispatch/middleware/templates/rescues/diagnostics.html.erb within rescues/layout (14.2ms)
Started GET "/students/new" for ::1 at 2020-07-17 18:18:32 -0400
Processing by StudentsController#new as HTML
  Parameters: {"to"=>[:index, :show, :new, :create, :edit, :update]}
  Rendering students/new.html.erb within layouts/application
  Rendered students/new.html.erb within layouts/application (2.6ms)
Completed 200 OK in 29ms (Views: 21.2ms | ActiveRecord: 0.7ms)


Started POST "/students" for ::1 at 2020-07-17 18:18:37 -0400
Processing by StudentsController#create as HTML
  Parameters: {"utf8"=>"✓", "authenticity_token"=>"Gm20zKwq5x7stuLd9QCfBKQOuN7idVNWx66HaVNNKecqU6XTyC6Db87fqi+sZ3RNptNXyZxp1ZLytSQ2CwyAcQ==", "student"=>{"first_name"=>"testy", "last_name"=>"testerson"}, "commit"=>"Create Student", "to"=>[:index, :show, :new, :create, :edit, :update]}
  [1m[35m (0.1ms)[0m  [1m[36mbegin transaction[0m
  [1m[35mSQL (0.8ms)[0m  [1m[32mINSERT INTO "students" ("created_at", "updated_at") VALUES (?, ?)[0m  [["created_at", "2020-07-17 22:18:37.908965"], ["updated_at", "2020-07-17 22:18:37.908965"]]
  [1m[35m (1.2ms)[0m  [1m[36mcommit transaction[0m
Redirected to http://localhost:3000/students/5
Completed 302 Found in 6ms (ActiveRecord: 2.1ms)


Started GET "/students/5" for ::1 at 2020-07-17 18:18:37 -0400
Processing by StudentsController#show as HTML
  Parameters: {"to"=>[:index, :show, :new, :create, :edit, :update], "id"=>"5"}
  [1m[36mStudent Load (0.2ms)[0m  [1m[34mSELECT  "students".* FROM "students" WHERE "students"."id" = ? LIMIT ?[0m  [["id", 5], ["LIMIT", 1]]
  Rendering students/show.html.erb within layouts/application
  Rendered students/show.html.erb within layouts/application (1.7ms)
Completed 500 Internal Server Error in 8ms (ActiveRecord: 0.2ms)


  
ActionView::Template::Error (undefined method `+' for nil:NilClass):
    1: <h1>Student Show Page</h1>
    2: 
    3: <p><%= @student.to_s %></p>
  
app/models/student.rb:3:in `to_s'
app/views/students/show.html.erb:3:in `_app_views_students_show_html_erb__4512742584592739106_70216264280480'
  Rendering /Users/elilandau/.rvm/gems/ruby-2.6.1/gems/actionpack-5.0.7.1/lib/action_dispatch/middleware/templates/rescues/template_error.html.erb within rescues/layout
  Rendering /Users/elilandau/.rvm/gems/ruby-2.6.1/gems/actionpack-5.0.7.1/lib/action_dispatch/middleware/templates/rescues/_source.html.erb
  Rendered /Users/elilandau/.rvm/gems/ruby-2.6.1/gems/actionpack-5.0.7.1/lib/action_dispatch/middleware/templates/rescues/_source.html.erb (2.7ms)
  Rendering /Users/elilandau/.rvm/gems/ruby-2.6.1/gems/actionpack-5.0.7.1/lib/action_dispatch/middleware/templates/rescues/_trace.html.erb
  Rendered /Users/elilandau/.rvm/gems/ruby-2.6.1/gems/actionpack-5.0.7.1/lib/action_dispatch/middleware/templates/rescues/_trace.html.erb (1.1ms)
  Rendering /Users/elilandau/.rvm/gems/ruby-2.6.1/gems/actionpack-5.0.7.1/lib/action_dispatch/middleware/templates/rescues/_request_and_response.html.erb
  Rendered /Users/elilandau/.rvm/gems/ruby-2.6.1/gems/actionpack-5.0.7.1/lib/action_dispatch/middleware/templates/rescues/_request_and_response.html.erb (0.7ms)
  Rendered /Users/elilandau/.rvm/gems/ruby-2.6.1/gems/actionpack-5.0.7.1/lib/action_dispatch/middleware/templates/rescues/template_error.html.erb within rescues/layout (16.9ms)
Started GET "/students/5" for ::1 at 2020-07-17 18:19:17 -0400
Processing by StudentsController#show as HTML
  Parameters: {"to"=>[:index, :show, :new, :create, :edit, :update], "id"=>"5"}
  [1m[36mStudent Load (0.2ms)[0m  [1m[34mSELECT  "students".* FROM "students" WHERE "students"."id" = ? LIMIT ?[0m  [["id", 5], ["LIMIT", 1]]
  Rendering students/show.html.erb within layouts/application
  Rendered students/show.html.erb within layouts/application (1.7ms)
Completed 500 Internal Server Error in 6ms (ActiveRecord: 0.2ms)


  
ActionView::Template::Error (undefined method `+' for nil:NilClass):
    1: <h1>Student Show Page</h1>
    2: 
    3: <p><%= @student.to_s %></p>
  
app/models/student.rb:3:in `to_s'
app/views/students/show.html.erb:3:in `_app_views_students_show_html_erb__4512742584592739106_70216262595720'
  Rendering /Users/elilandau/.rvm/gems/ruby-2.6.1/gems/actionpack-5.0.7.1/lib/action_dispatch/middleware/templates/rescues/template_error.html.erb within rescues/layout
  Rendering /Users/elilandau/.rvm/gems/ruby-2.6.1/gems/actionpack-5.0.7.1/lib/action_dispatch/middleware/templates/rescues/_source.html.erb
  Rendered /Users/elilandau/.rvm/gems/ruby-2.6.1/gems/actionpack-5.0.7.1/lib/action_dispatch/middleware/templates/rescues/_source.html.erb (2.4ms)
  Rendering /Users/elilandau/.rvm/gems/ruby-2.6.1/gems/actionpack-5.0.7.1/lib/action_dispatch/middleware/templates/rescues/_trace.html.erb
  Rendered /Users/elilandau/.rvm/gems/ruby-2.6.1/gems/actionpack-5.0.7.1/lib/action_dispatch/middleware/templates/rescues/_trace.html.erb (1.1ms)
  Rendering /Users/elilandau/.rvm/gems/ruby-2.6.1/gems/actionpack-5.0.7.1/lib/action_dispatch/middleware/templates/rescues/_request_and_response.html.erb
  Rendered /Users/elilandau/.rvm/gems/ruby-2.6.1/gems/actionpack-5.0.7.1/lib/action_dispatch/middleware/templates/rescues/_request_and_response.html.erb (0.8ms)
  Rendered /Users/elilandau/.rvm/gems/ruby-2.6.1/gems/actionpack-5.0.7.1/lib/action_dispatch/middleware/templates/rescues/template_error.html.erb within rescues/layout (14.9ms)
Started GET "/students/6" for ::1 at 2020-07-17 18:19:20 -0400
Processing by StudentsController#show as HTML
  Parameters: {"to"=>[:index, :show, :new, :create, :edit, :update], "id"=>"6"}
  [1m[36mStudent Load (0.1ms)[0m  [1m[34mSELECT  "students".* FROM "students" WHERE "students"."id" = ? LIMIT ?[0m  [["id", 6], ["LIMIT", 1]]
Completed 404 Not Found in 1ms (ActiveRecord: 0.1ms)


  
ActiveRecord::RecordNotFound (Couldn't find Student with 'id'=6):
  
app/controllers/students_controller.rb:8:in `show'
  Rendering /Users/elilandau/.rvm/gems/ruby-2.6.1/gems/actionpack-5.0.7.1/lib/action_dispatch/middleware/templates/rescues/diagnostics.html.erb within rescues/layout
  Rendering /Users/elilandau/.rvm/gems/ruby-2.6.1/gems/actionpack-5.0.7.1/lib/action_dispatch/middleware/templates/rescues/_source.html.erb
  Rendered /Users/elilandau/.rvm/gems/ruby-2.6.1/gems/actionpack-5.0.7.1/lib/action_dispatch/middleware/templates/rescues/_source.html.erb (3.2ms)
  Rendering /Users/elilandau/.rvm/gems/ruby-2.6.1/gems/actionpack-5.0.7.1/lib/action_dispatch/middleware/templates/rescues/_trace.html.erb
  Rendered /Users/elilandau/.rvm/gems/ruby-2.6.1/gems/actionpack-5.0.7.1/lib/action_dispatch/middleware/templates/rescues/_trace.html.erb (1.8ms)
  Rendering /Users/elilandau/.rvm/gems/ruby-2.6.1/gems/actionpack-5.0.7.1/lib/action_dispatch/middleware/templates/rescues/_request_and_response.html.erb
  Rendered /Users/elilandau/.rvm/gems/ruby-2.6.1/gems/actionpack-5.0.7.1/lib/action_dispatch/middleware/templates/rescues/_request_and_response.html.erb (1.3ms)
  Rendered /Users/elilandau/.rvm/gems/ruby-2.6.1/gems/actionpack-5.0.7.1/lib/action_dispatch/middleware/templates/rescues/diagnostics.html.erb within rescues/layout (24.4ms)
Started GET "/students/1" for ::1 at 2020-07-17 18:19:26 -0400
Processing by StudentsController#show as HTML
  Parameters: {"to"=>[:index, :show, :new, :create, :edit, :update], "id"=>"1"}
  [1m[36mStudent Load (0.2ms)[0m  [1m[34mSELECT  "students".* FROM "students" WHERE "students"."id" = ? LIMIT ?[0m  [["id", 1], ["LIMIT", 1]]
  Rendering students/show.html.erb within layouts/application
  Rendered students/show.html.erb within layouts/application (0.5ms)
Completed 200 OK in 18ms (Views: 16.1ms | ActiveRecord: 0.2ms)


Started GET "/students/2" for ::1 at 2020-07-17 18:19:31 -0400
Processing by StudentsController#show as HTML
  Parameters: {"to"=>[:index, :show, :new, :create, :edit, :update], "id"=>"2"}
  [1m[36mStudent Load (0.1ms)[0m  [1m[34mSELECT  "students".* FROM "students" WHERE "students"."id" = ? LIMIT ?[0m  [["id", 2], ["LIMIT", 1]]
Completed 404 Not Found in 1ms (ActiveRecord: 0.1ms)


  
ActiveRecord::RecordNotFound (Couldn't find Student with 'id'=2):
  
app/controllers/students_controller.rb:8:in `show'
  Rendering /Users/elilandau/.rvm/gems/ruby-2.6.1/gems/actionpack-5.0.7.1/lib/action_dispatch/middleware/templates/rescues/diagnostics.html.erb within rescues/layout
  Rendering /Users/elilandau/.rvm/gems/ruby-2.6.1/gems/actionpack-5.0.7.1/lib/action_dispatch/middleware/templates/rescues/_source.html.erb
  Rendered /Users/elilandau/.rvm/gems/ruby-2.6.1/gems/actionpack-5.0.7.1/lib/action_dispatch/middleware/templates/rescues/_source.html.erb (1.9ms)
  Rendering /Users/elilandau/.rvm/gems/ruby-2.6.1/gems/actionpack-5.0.7.1/lib/action_dispatch/middleware/templates/rescues/_trace.html.erb
  Rendered /Users/elilandau/.rvm/gems/ruby-2.6.1/gems/actionpack-5.0.7.1/lib/action_dispatch/middleware/templates/rescues/_trace.html.erb (0.9ms)
  Rendering /Users/elilandau/.rvm/gems/ruby-2.6.1/gems/actionpack-5.0.7.1/lib/action_dispatch/middleware/templates/rescues/_request_and_response.html.erb
  Rendered /Users/elilandau/.rvm/gems/ruby-2.6.1/gems/actionpack-5.0.7.1/lib/action_dispatch/middleware/templates/rescues/_request_and_response.html.erb (0.9ms)
  Rendered /Users/elilandau/.rvm/gems/ruby-2.6.1/gems/actionpack-5.0.7.1/lib/action_dispatch/middleware/templates/rescues/diagnostics.html.erb within rescues/layout (14.7ms)
Started GET "/students" for ::1 at 2020-07-17 18:19:38 -0400
Processing by StudentsController#index as HTML
  Parameters: {"to"=>[:index, :show, :new, :create, :edit, :update]}
  Rendering students/index.html.erb within layouts/application
  [1m[36mStudent Load (0.2ms)[0m  [1m[34mSELECT "students".* FROM "students"[0m
  Rendered students/index.html.erb within layouts/application (2.8ms)
Completed 500 Internal Server Error in 10ms (ActiveRecord: 0.2ms)


  
ActionView::Template::Error (undefined method `+' for nil:NilClass):
    1: <h1>Student Index</h1>
    2: 
    3: <% @students.each do |student| %>
    4: <p><%= link_to student.to_s, student_path(student) %></p>
    5: <%end %>
  
app/models/student.rb:3:in `to_s'
app/views/students/index.html.erb:4:in `block in _app_views_students_index_html_erb___3495183261081535952_70216216921640'
app/views/students/index.html.erb:3:in `_app_views_students_index_html_erb___3495183261081535952_70216216921640'
  Rendering /Users/elilandau/.rvm/gems/ruby-2.6.1/gems/actionpack-5.0.7.1/lib/action_dispatch/middleware/templates/rescues/template_error.html.erb within rescues/layout
  Rendering /Users/elilandau/.rvm/gems/ruby-2.6.1/gems/actionpack-5.0.7.1/lib/action_dispatch/middleware/templates/rescues/_source.html.erb
  Rendered /Users/elilandau/.rvm/gems/ruby-2.6.1/gems/actionpack-5.0.7.1/lib/action_dispatch/middleware/templates/rescues/_source.html.erb (2.5ms)
  Rendering /Users/elilandau/.rvm/gems/ruby-2.6.1/gems/actionpack-5.0.7.1/lib/action_dispatch/middleware/templates/rescues/_trace.html.erb
  Rendered /Users/elilandau/.rvm/gems/ruby-2.6.1/gems/actionpack-5.0.7.1/lib/action_dispatch/middleware/templates/rescues/_trace.html.erb (1.3ms)
  Rendering /Users/elilandau/.rvm/gems/ruby-2.6.1/gems/actionpack-5.0.7.1/lib/action_dispatch/middleware/templates/rescues/_request_and_response.html.erb
  Rendered /Users/elilandau/.rvm/gems/ruby-2.6.1/gems/actionpack-5.0.7.1/lib/action_dispatch/middleware/templates/rescues/_request_and_response.html.erb (0.6ms)
  Rendered /Users/elilandau/.rvm/gems/ruby-2.6.1/gems/actionpack-5.0.7.1/lib/action_dispatch/middleware/templates/rescues/template_error.html.erb within rescues/layout (15.0ms)
Started GET "/students" for ::1 at 2020-07-17 18:20:14 -0400
Processing by StudentsController#index as HTML
  Parameters: {"to"=>[:index, :show, :new, :create, :edit, :update]}
  Rendering students/index.html.erb within layouts/application
  [1m[36mStudent Load (0.4ms)[0m  [1m[34mSELECT "students".* FROM "students"[0m
  Rendered students/index.html.erb within layouts/application (8.2ms)
Completed 500 Internal Server Error in 14ms (ActiveRecord: 1.1ms)


  
ActionView::Template::Error (undefined method `+' for nil:NilClass):
    1: <h1>Student Index</h1>
    2: 
    3: <% @students.each do |student| %>
    4: <p><%= link_to student.to_s, student_path(student) %></p>
    5: <%end %>
  
app/models/student.rb:3:in `to_s'
app/views/students/index.html.erb:4:in `block in _app_views_students_index_html_erb___3495183261081535952_70216282079020'
app/views/students/index.html.erb:3:in `_app_views_students_index_html_erb___3495183261081535952_70216282079020'
  Rendering /Users/elilandau/.rvm/gems/ruby-2.6.1/gems/actionpack-5.0.7.1/lib/action_dispatch/middleware/templates/rescues/template_error.html.erb within rescues/layout
  Rendering /Users/elilandau/.rvm/gems/ruby-2.6.1/gems/actionpack-5.0.7.1/lib/action_dispatch/middleware/templates/rescues/_source.html.erb
  Rendered /Users/elilandau/.rvm/gems/ruby-2.6.1/gems/actionpack-5.0.7.1/lib/action_dispatch/middleware/templates/rescues/_source.html.erb (2.4ms)
  Rendering /Users/elilandau/.rvm/gems/ruby-2.6.1/gems/actionpack-5.0.7.1/lib/action_dispatch/middleware/templates/rescues/_trace.html.erb
  Rendered /Users/elilandau/.rvm/gems/ruby-2.6.1/gems/actionpack-5.0.7.1/lib/action_dispatch/middleware/templates/rescues/_trace.html.erb (1.3ms)
  Rendering /Users/elilandau/.rvm/gems/ruby-2.6.1/gems/actionpack-5.0.7.1/lib/action_dispatch/middleware/templates/rescues/_request_and_response.html.erb
  Rendered /Users/elilandau/.rvm/gems/ruby-2.6.1/gems/actionpack-5.0.7.1/lib/action_dispatch/middleware/templates/rescues/_request_and_response.html.erb (0.6ms)
  Rendered /Users/elilandau/.rvm/gems/ruby-2.6.1/gems/actionpack-5.0.7.1/lib/action_dispatch/middleware/templates/rescues/template_error.html.erb within rescues/layout (16.3ms)
Started GET "/students" for ::1 at 2020-07-17 18:20:20 -0400
Processing by StudentsController#index as HTML
  Parameters: {"to"=>[:index, :show, :new, :create, :edit, :update]}
  Rendering students/index.html.erb within layouts/application
  [1m[36mStudent Load (0.2ms)[0m  [1m[34mSELECT "students".* FROM "students"[0m
  Rendered students/index.html.erb within layouts/application (2.9ms)
Completed 500 Internal Server Error in 7ms (ActiveRecord: 0.2ms)


  
ActionView::Template::Error (undefined method `+' for nil:NilClass):
    1: <h1>Student Index</h1>
    2: 
    3: <% @students.each do |student| %>
    4: <p><%= link_to student.to_s, student_path(student) %></p>
    5: <%end %>
  
app/models/student.rb:3:in `to_s'
app/views/students/index.html.erb:4:in `block in _app_views_students_index_html_erb___3495183261081535952_70216216747320'
app/views/students/index.html.erb:3:in `_app_views_students_index_html_erb___3495183261081535952_70216216747320'
  Rendering /Users/elilandau/.rvm/gems/ruby-2.6.1/gems/actionpack-5.0.7.1/lib/action_dispatch/middleware/templates/rescues/template_error.html.erb within rescues/layout
  Rendering /Users/elilandau/.rvm/gems/ruby-2.6.1/gems/actionpack-5.0.7.1/lib/action_dispatch/middleware/templates/rescues/_source.html.erb
  Rendered /Users/elilandau/.rvm/gems/ruby-2.6.1/gems/actionpack-5.0.7.1/lib/action_dispatch/middleware/templates/rescues/_source.html.erb (2.6ms)
  Rendering /Users/elilandau/.rvm/gems/ruby-2.6.1/gems/actionpack-5.0.7.1/lib/action_dispatch/middleware/templates/rescues/_trace.html.erb
  Rendered /Users/elilandau/.rvm/gems/ruby-2.6.1/gems/actionpack-5.0.7.1/lib/action_dispatch/middleware/templates/rescues/_trace.html.erb (1.1ms)
  Rendering /Users/elilandau/.rvm/gems/ruby-2.6.1/gems/actionpack-5.0.7.1/lib/action_dispatch/middleware/templates/rescues/_request_and_response.html.erb
  Rendered /Users/elilandau/.rvm/gems/ruby-2.6.1/gems/actionpack-5.0.7.1/lib/action_dispatch/middleware/templates/rescues/_request_and_response.html.erb (0.6ms)
  Rendered /Users/elilandau/.rvm/gems/ruby-2.6.1/gems/actionpack-5.0.7.1/lib/action_dispatch/middleware/templates/rescues/template_error.html.erb within rescues/layout (14.9ms)
Started GET "/students" for ::1 at 2020-07-17 18:21:23 -0400
Processing by StudentsController#index as HTML
  Parameters: {"to"=>[:index, :show, :new, :create, :edit, :update]}
  Rendering students/index.html.erb within layouts/application
  [1m[36mStudent Load (0.4ms)[0m  [1m[34mSELECT "students".* FROM "students"[0m
  Rendered students/index.html.erb within layouts/application (7.0ms)
Completed 200 OK in 32ms (Views: 28.0ms | ActiveRecord: 1.1ms)


Started GET "/students/3" for ::1 at 2020-07-17 18:21:25 -0400
Processing by StudentsController#show as HTML
  Parameters: {"to"=>[:index, :show, :new, :create, :edit, :update], "id"=>"3"}
  [1m[36mStudent Load (0.2ms)[0m  [1m[34mSELECT  "students".* FROM "students" WHERE "students"."id" = ? LIMIT ?[0m  [["id", 3], ["LIMIT", 1]]
  Rendering students/show.html.erb within layouts/application
  Rendered students/show.html.erb within layouts/application (0.5ms)
Completed 200 OK in 17ms (Views: 14.2ms | ActiveRecord: 0.2ms)


Started GET "/students/new" for ::1 at 2020-07-17 18:21:30 -0400
Processing by StudentsController#new as HTML
  Parameters: {"to"=>[:index, :show, :new, :create, :edit, :update]}
  Rendering students/new.html.erb within layouts/application
  Rendered students/new.html.erb within layouts/application (2.9ms)
Completed 200 OK in 20ms (Views: 17.4ms | ActiveRecord: 0.0ms)


Started POST "/students" for ::1 at 2020-07-17 18:21:35 -0400
Processing by StudentsController#create as HTML
  Parameters: {"utf8"=>"✓", "authenticity_token"=>"eDEZRuE2x6yVmG17KYiiwesKY0V0kI9hLtjrRFlrItNIDwhZhTKj3bfxJYlw70mI6deMUgqMCaUbw0gbASqLRQ==", "student"=>{"first_name"=>"testy", "last_name"=>"testerson"}, "commit"=>"Create Student", "to"=>[:index, :show, :new, :create, :edit, :update]}
  [1m[35m (0.1ms)[0m  [1m[36mbegin transaction[0m
  [1m[35mSQL (0.7ms)[0m  [1m[32mINSERT INTO "students" ("created_at", "updated_at") VALUES (?, ?)[0m  [["created_at", "2020-07-17 22:21:35.424964"], ["updated_at", "2020-07-17 22:21:35.424964"]]
  [1m[35m (1.2ms)[0m  [1m[36mcommit transaction[0m
Redirected to http://localhost:3000/students/6
Completed 302 Found in 5ms (ActiveRecord: 2.0ms)


Started GET "/students/6" for ::1 at 2020-07-17 18:21:35 -0400
Processing by StudentsController#show as HTML
  Parameters: {"to"=>[:index, :show, :new, :create, :edit, :update], "id"=>"6"}
  [1m[36mStudent Load (0.1ms)[0m  [1m[34mSELECT  "students".* FROM "students" WHERE "students"."id" = ? LIMIT ?[0m  [["id", 6], ["LIMIT", 1]]
  Rendering students/show.html.erb within layouts/application
  Rendered students/show.html.erb within layouts/application (0.5ms)
Completed 200 OK in 16ms (Views: 14.0ms | ActiveRecord: 0.1ms)


Started GET "/students/new" for ::1 at 2020-07-17 18:22:08 -0400
Processing by StudentsController#new as HTML
  Parameters: {"to"=>[:index, :show, :new, :create, :edit, :update]}
  Rendering students/new.html.erb within layouts/application
  Rendered students/new.html.erb within layouts/application (2.9ms)
Completed 200 OK in 22ms (Views: 14.8ms | ActiveRecord: 0.7ms)


Started POST "/students" for ::1 at 2020-07-17 18:22:17 -0400
Processing by StudentsController#create as HTML
  Parameters: {"utf8"=>"✓", "authenticity_token"=>"gREe0K7x2x4QNfP81I6MBzHpqwq0Xx3Zp8rzKo1xv5WxLw/PyvW/bzJcuw6N6WdOMzREHcpDmx2S0VB11TAWAw==", "student"=>{"first_name"=>"testy", "last_name"=>"testerson"}, "commit"=>"Create Student", "to"=>[:index, :show, :new, :create, :edit, :update]}
  [1m[35m (0.1ms)[0m  [1m[36mbegin transaction[0m
  [1m[35mSQL (0.7ms)[0m  [1m[32mINSERT INTO "students" ("first_name", "last_name", "created_at", "updated_at") VALUES (?, ?, ?, ?)[0m  [["first_name", "testy"], ["last_name", "testerson"], ["created_at", "2020-07-17 22:22:17.257771"], ["updated_at", "2020-07-17 22:22:17.257771"]]
  [1m[35m (1.1ms)[0m  [1m[36mcommit transaction[0m
Redirected to http://localhost:3000/students/7
Completed 302 Found in 6ms (ActiveRecord: 1.9ms)


Started GET "/students/7" for ::1 at 2020-07-17 18:22:17 -0400
Processing by StudentsController#show as HTML
  Parameters: {"to"=>[:index, :show, :new, :create, :edit, :update], "id"=>"7"}
  [1m[36mStudent Load (0.3ms)[0m  [1m[34mSELECT  "students".* FROM "students" WHERE "students"."id" = ? LIMIT ?[0m  [["id", 7], ["LIMIT", 1]]
  Rendering students/show.html.erb within layouts/application
  Rendered students/show.html.erb within layouts/application (0.7ms)
Completed 200 OK in 17ms (Views: 14.1ms | ActiveRecord: 0.3ms)


Started GET "/students" for ::1 at 2020-07-17 18:22:20 -0400
Processing by StudentsController#index as HTML
  Parameters: {"to"=>[:index, :show, :new, :create, :edit, :update]}
  Rendering students/index.html.erb within layouts/application
  [1m[36mStudent Load (0.1ms)[0m  [1m[34mSELECT "students".* FROM "students"[0m
  Rendered students/index.html.erb within layouts/application (1.4ms)
Completed 200 OK in 10ms (Views: 9.1ms | ActiveRecord: 0.1ms)


Started GET "/students/3" for ::1 at 2020-07-17 18:24:26 -0400
Processing by StudentsController#show as HTML
  Parameters: {"to"=>[:index, :show, :new, :create, :edit, :update], "id"=>"3"}
  [1m[36mStudent Load (0.1ms)[0m  [1m[34mSELECT  "students".* FROM "students" WHERE "students"."id" = ? LIMIT ?[0m  [["id", 3], ["LIMIT", 1]]
  Rendering students/show.html.erb within layouts/application
  Rendered students/show.html.erb within layouts/application (0.4ms)
Completed 200 OK in 30ms (Views: 19.5ms | ActiveRecord: 1.0ms)


Started GET "/students/3/edit" for ::1 at 2020-07-17 18:24:29 -0400
Processing by StudentsController#edit as HTML
  Parameters: {"to"=>[:index, :show, :new, :create, :edit, :update], "id"=>"3"}
  [1m[36mStudent Load (0.2ms)[0m  [1m[34mSELECT  "students".* FROM "students" WHERE "students"."id" = ? LIMIT ?[0m  [["id", 3], ["LIMIT", 1]]
  Rendering students/edit.html.erb within layouts/application
  Rendered students/edit.html.erb within layouts/application (3.0ms)
Completed 200 OK in 21ms (Views: 17.9ms | ActiveRecord: 0.2ms)


Started PATCH "/students/3" for ::1 at 2020-07-17 18:24:38 -0400
Processing by StudentsController#update as HTML
  Parameters: {"utf8"=>"✓", "authenticity_token"=>"GfSMHzIH80Xlm1Fkcol44R5gxGWTX5m4boz4R+e7kwwpyp0AVgOXNMfyGZYr7pOoHL0rcu1DH3xbl1sYv/o6mg==", "student"=>{"first_name"=>"eli", "last_name"=>"skippy"}, "commit"=>"Update Student", "to"=>[:index, :show, :new, :create, :edit, :update], "id"=>"3"}
  [1m[36mStudent Load (0.2ms)[0m  [1m[34mSELECT  "students".* FROM "students" WHERE "students"."id" = ? LIMIT ?[0m  [["id", 3], ["LIMIT", 1]]
  [1m[35m (0.1ms)[0m  [1m[36mbegin transaction[0m
  [1m[35mSQL (0.6ms)[0m  [1m[33mUPDATE "students" SET "last_name" = ?, "updated_at" = ? WHERE "students"."id" = ?[0m  [["last_name", "skippy"], ["updated_at", "2020-07-17 22:24:38.147878"], ["id", 3]]
  [1m[35m (1.0ms)[0m  [1m[36mcommit transaction[0m
Redirected to http://localhost:3000/students/3
Completed 302 Found in 7ms (ActiveRecord: 1.8ms)


Started GET "/students/3" for ::1 at 2020-07-17 18:24:38 -0400
Processing by StudentsController#show as HTML
  Parameters: {"to"=>[:index, :show, :new, :create, :edit, :update], "id"=>"3"}
  [1m[36mStudent Load (0.2ms)[0m  [1m[34mSELECT  "students".* FROM "students" WHERE "students"."id" = ? LIMIT ?[0m  [["id", 3], ["LIMIT", 1]]
  Rendering students/show.html.erb within layouts/application
  Rendered students/show.html.erb within layouts/application (0.5ms)
Completed 200 OK in 16ms (Views: 14.2ms | ActiveRecord: 0.2ms)


Started GET "/students" for ::1 at 2020-07-17 18:24:41 -0400
Processing by StudentsController#index as HTML
  Parameters: {"to"=>[:index, :show, :new, :create, :edit, :update]}
  Rendering students/index.html.erb within layouts/application
  [1m[36mStudent Load (0.2ms)[0m  [1m[34mSELECT "students".* FROM "students"[0m
  Rendered students/index.html.erb within layouts/application (2.4ms)
Completed 200 OK in 18ms (Views: 15.3ms | ActiveRecord: 0.2ms)


Started GET "/schoolclasses" for ::1 at 2020-07-17 18:28:01 -0400
  
LoadError (Unable to autoload constant SchoolclassesController, expected /Users/elilandau/Development/code/Mod2/rails-form_for-lab-nyc01-seng-ft-062220/app/controllers/schoolclasses_controller.rb to define it):
  
activesupport (5.0.7.1) lib/active_support/dependencies.rb:513:in `load_missing_constant'
activesupport (5.0.7.1) lib/active_support/dependencies.rb:203:in `const_missing'
activesupport (5.0.7.1) lib/active_support/inflector/methods.rb:268:in `const_get'
activesupport (5.0.7.1) lib/active_support/inflector/methods.rb:268:in `block in constantize'
activesupport (5.0.7.1) lib/active_support/inflector/methods.rb:266:in `each'
activesupport (5.0.7.1) lib/active_support/inflector/methods.rb:266:in `inject'
activesupport (5.0.7.1) lib/active_support/inflector/methods.rb:266:in `constantize'
activesupport (5.0.7.1) lib/active_support/dependencies.rb:584:in `get'
activesupport (5.0.7.1) lib/active_support/dependencies.rb:615:in `constantize'
actionpack (5.0.7.1) lib/action_dispatch/http/request.rb:81:in `controller_class'
actionpack (5.0.7.1) lib/action_dispatch/routing/route_set.rb:44:in `controller'
actionpack (5.0.7.1) lib/action_dispatch/routing/route_set.rb:30:in `serve'
actionpack (5.0.7.1) lib/action_dispatch/journey/router.rb:39:in `block in serve'
actionpack (5.0.7.1) lib/action_dispatch/journey/router.rb:26:in `each'
actionpack (5.0.7.1) lib/action_dispatch/journey/router.rb:26:in `serve'
actionpack (5.0.7.1) lib/action_dispatch/routing/route_set.rb:727:in `call'
rack (2.2.3) lib/rack/etag.rb:27:in `call'
rack (2.2.3) lib/rack/conditional_get.rb:27:in `call'
rack (2.2.3) lib/rack/head.rb:12:in `call'
rack (2.2.3) lib/rack/session/abstract/id.rb:266:in `context'
rack (2.2.3) lib/rack/session/abstract/id.rb:260:in `call'
actionpack (5.0.7.1) lib/action_dispatch/middleware/cookies.rb:613:in `call'
activerecord (5.0.7.1) lib/active_record/migration.rb:553:in `call'
actionpack (5.0.7.1) lib/action_dispatch/middleware/callbacks.rb:38:in `block in call'
activesupport (5.0.7.1) lib/active_support/callbacks.rb:97:in `__run_callbacks__'
activesupport (5.0.7.1) lib/active_support/callbacks.rb:750:in `_run_call_callbacks'
activesupport (5.0.7.1) lib/active_support/callbacks.rb:90:in `run_callbacks'
actionpack (5.0.7.1) lib/action_dispatch/middleware/callbacks.rb:36:in `call'
actionpack (5.0.7.1) lib/action_dispatch/middleware/executor.rb:12:in `call'
actionpack (5.0.7.1) lib/action_dispatch/middleware/remote_ip.rb:79:in `call'
actionpack (5.0.7.1) lib/action_dispatch/middleware/debug_exceptions.rb:49:in `call'
actionpack (5.0.7.1) lib/action_dispatch/middleware/show_exceptions.rb:31:in `call'
railties (5.0.7.1) lib/rails/rack/logger.rb:36:in `call_app'
railties (5.0.7.1) lib/rails/rack/logger.rb:24:in `block in call'
activesupport (5.0.7.1) lib/active_support/tagged_logging.rb:69:in `block in tagged'
activesupport (5.0.7.1) lib/active_support/tagged_logging.rb:26:in `tagged'
activesupport (5.0.7.1) lib/active_support/tagged_logging.rb:69:in `tagged'
railties (5.0.7.1) lib/rails/rack/logger.rb:24:in `call'
sprockets-rails (3.2.1) lib/sprockets/rails/quiet_assets.rb:13:in `call'
actionpack (5.0.7.1) lib/action_dispatch/middleware/request_id.rb:24:in `call'
rack (2.2.3) lib/rack/method_override.rb:24:in `call'
rack (2.2.3) lib/rack/runtime.rb:22:in `call'
activesupport (5.0.7.1) lib/active_support/cache/strategy/local_cache_middleware.rb:28:in `call'
actionpack (5.0.7.1) lib/action_dispatch/middleware/executor.rb:12:in `call'
actionpack (5.0.7.1) lib/action_dispatch/middleware/static.rb:136:in `call'
rack (2.2.3) lib/rack/sendfile.rb:110:in `call'
railties (5.0.7.1) lib/rails/engine.rb:522:in `call'
rack (2.2.3) lib/rack/handler/webrick.rb:95:in `service'
/Users/elilandau/.rvm/rubies/ruby-2.6.1/lib/ruby/2.6.0/webrick/httpserver.rb:140:in `service'
/Users/elilandau/.rvm/rubies/ruby-2.6.1/lib/ruby/2.6.0/webrick/httpserver.rb:96:in `run'
/Users/elilandau/.rvm/rubies/ruby-2.6.1/lib/ruby/2.6.0/webrick/server.rb:307:in `block in start_thread'
  Rendering /Users/elilandau/.rvm/gems/ruby-2.6.1/gems/actionpack-5.0.7.1/lib/action_dispatch/middleware/templates/rescues/diagnostics.html.erb within rescues/layout
  Rendering /Users/elilandau/.rvm/gems/ruby-2.6.1/gems/actionpack-5.0.7.1/lib/action_dispatch/middleware/templates/rescues/_source.html.erb
  Rendered /Users/elilandau/.rvm/gems/ruby-2.6.1/gems/actionpack-5.0.7.1/lib/action_dispatch/middleware/templates/rescues/_source.html.erb (1.4ms)
  Rendering /Users/elilandau/.rvm/gems/ruby-2.6.1/gems/actionpack-5.0.7.1/lib/action_dispatch/middleware/templates/rescues/_trace.html.erb
  Rendered /Users/elilandau/.rvm/gems/ruby-2.6.1/gems/actionpack-5.0.7.1/lib/action_dispatch/middleware/templates/rescues/_trace.html.erb (1.1ms)
  Rendering /Users/elilandau/.rvm/gems/ruby-2.6.1/gems/actionpack-5.0.7.1/lib/action_dispatch/middleware/templates/rescues/_request_and_response.html.erb
  Rendered /Users/elilandau/.rvm/gems/ruby-2.6.1/gems/actionpack-5.0.7.1/lib/action_dispatch/middleware/templates/rescues/_request_and_response.html.erb (1.2ms)
  Rendered /Users/elilandau/.rvm/gems/ruby-2.6.1/gems/actionpack-5.0.7.1/lib/action_dispatch/middleware/templates/rescues/diagnostics.html.erb within rescues/layout (15.6ms)
Started GET "/schoolclasses" for ::1 at 2020-07-17 18:29:13 -0400
  
LoadError (Unable to autoload constant SchoolclassesController, expected /Users/elilandau/Development/code/Mod2/rails-form_for-lab-nyc01-seng-ft-062220/app/controllers/schoolclasses_controller.rb to define it):
  
activesupport (5.0.7.1) lib/active_support/dependencies.rb:513:in `load_missing_constant'
activesupport (5.0.7.1) lib/active_support/dependencies.rb:203:in `const_missing'
activesupport (5.0.7.1) lib/active_support/inflector/methods.rb:268:in `const_get'
activesupport (5.0.7.1) lib/active_support/inflector/methods.rb:268:in `block in constantize'
activesupport (5.0.7.1) lib/active_support/inflector/methods.rb:266:in `each'
activesupport (5.0.7.1) lib/active_support/inflector/methods.rb:266:in `inject'
activesupport (5.0.7.1) lib/active_support/inflector/methods.rb:266:in `constantize'
activesupport (5.0.7.1) lib/active_support/dependencies.rb:584:in `get'
activesupport (5.0.7.1) lib/active_support/dependencies.rb:615:in `constantize'
actionpack (5.0.7.1) lib/action_dispatch/http/request.rb:81:in `controller_class'
actionpack (5.0.7.1) lib/action_dispatch/routing/route_set.rb:44:in `controller'
actionpack (5.0.7.1) lib/action_dispatch/routing/route_set.rb:30:in `serve'
actionpack (5.0.7.1) lib/action_dispatch/journey/router.rb:39:in `block in serve'
actionpack (5.0.7.1) lib/action_dispatch/journey/router.rb:26:in `each'
actionpack (5.0.7.1) lib/action_dispatch/journey/router.rb:26:in `serve'
actionpack (5.0.7.1) lib/action_dispatch/routing/route_set.rb:727:in `call'
rack (2.2.3) lib/rack/etag.rb:27:in `call'
rack (2.2.3) lib/rack/conditional_get.rb:27:in `call'
rack (2.2.3) lib/rack/head.rb:12:in `call'
rack (2.2.3) lib/rack/session/abstract/id.rb:266:in `context'
rack (2.2.3) lib/rack/session/abstract/id.rb:260:in `call'
actionpack (5.0.7.1) lib/action_dispatch/middleware/cookies.rb:613:in `call'
activerecord (5.0.7.1) lib/active_record/migration.rb:553:in `call'
actionpack (5.0.7.1) lib/action_dispatch/middleware/callbacks.rb:38:in `block in call'
activesupport (5.0.7.1) lib/active_support/callbacks.rb:97:in `__run_callbacks__'
activesupport (5.0.7.1) lib/active_support/callbacks.rb:750:in `_run_call_callbacks'
activesupport (5.0.7.1) lib/active_support/callbacks.rb:90:in `run_callbacks'
actionpack (5.0.7.1) lib/action_dispatch/middleware/callbacks.rb:36:in `call'
actionpack (5.0.7.1) lib/action_dispatch/middleware/executor.rb:12:in `call'
actionpack (5.0.7.1) lib/action_dispatch/middleware/remote_ip.rb:79:in `call'
actionpack (5.0.7.1) lib/action_dispatch/middleware/debug_exceptions.rb:49:in `call'
actionpack (5.0.7.1) lib/action_dispatch/middleware/show_exceptions.rb:31:in `call'
railties (5.0.7.1) lib/rails/rack/logger.rb:36:in `call_app'
railties (5.0.7.1) lib/rails/rack/logger.rb:24:in `block in call'
activesupport (5.0.7.1) lib/active_support/tagged_logging.rb:69:in `block in tagged'
activesupport (5.0.7.1) lib/active_support/tagged_logging.rb:26:in `tagged'
activesupport (5.0.7.1) lib/active_support/tagged_logging.rb:69:in `tagged'
railties (5.0.7.1) lib/rails/rack/logger.rb:24:in `call'
sprockets-rails (3.2.1) lib/sprockets/rails/quiet_assets.rb:13:in `call'
actionpack (5.0.7.1) lib/action_dispatch/middleware/request_id.rb:24:in `call'
rack (2.2.3) lib/rack/method_override.rb:24:in `call'
rack (2.2.3) lib/rack/runtime.rb:22:in `call'
activesupport (5.0.7.1) lib/active_support/cache/strategy/local_cache_middleware.rb:28:in `call'
actionpack (5.0.7.1) lib/action_dispatch/middleware/executor.rb:12:in `call'
actionpack (5.0.7.1) lib/action_dispatch/middleware/static.rb:136:in `call'
rack (2.2.3) lib/rack/sendfile.rb:110:in `call'
railties (5.0.7.1) lib/rails/engine.rb:522:in `call'
rack (2.2.3) lib/rack/handler/webrick.rb:95:in `service'
/Users/elilandau/.rvm/rubies/ruby-2.6.1/lib/ruby/2.6.0/webrick/httpserver.rb:140:in `service'
/Users/elilandau/.rvm/rubies/ruby-2.6.1/lib/ruby/2.6.0/webrick/httpserver.rb:96:in `run'
/Users/elilandau/.rvm/rubies/ruby-2.6.1/lib/ruby/2.6.0/webrick/server.rb:307:in `block in start_thread'
  Rendering /Users/elilandau/.rvm/gems/ruby-2.6.1/gems/actionpack-5.0.7.1/lib/action_dispatch/middleware/templates/rescues/diagnostics.html.erb within rescues/layout
  Rendering /Users/elilandau/.rvm/gems/ruby-2.6.1/gems/actionpack-5.0.7.1/lib/action_dispatch/middleware/templates/rescues/_source.html.erb
  Rendered /Users/elilandau/.rvm/gems/ruby-2.6.1/gems/actionpack-5.0.7.1/lib/action_dispatch/middleware/templates/rescues/_source.html.erb (1.7ms)
  Rendering /Users/elilandau/.rvm/gems/ruby-2.6.1/gems/actionpack-5.0.7.1/lib/action_dispatch/middleware/templates/rescues/_trace.html.erb
  Rendered /Users/elilandau/.rvm/gems/ruby-2.6.1/gems/actionpack-5.0.7.1/lib/action_dispatch/middleware/templates/rescues/_trace.html.erb (0.9ms)
  Rendering /Users/elilandau/.rvm/gems/ruby-2.6.1/gems/actionpack-5.0.7.1/lib/action_dispatch/middleware/templates/rescues/_request_and_response.html.erb
  Rendered /Users/elilandau/.rvm/gems/ruby-2.6.1/gems/actionpack-5.0.7.1/lib/action_dispatch/middleware/templates/rescues/_request_and_response.html.erb (0.8ms)
  Rendered /Users/elilandau/.rvm/gems/ruby-2.6.1/gems/actionpack-5.0.7.1/lib/action_dispatch/middleware/templates/rescues/diagnostics.html.erb within rescues/layout (14.4ms)
Started GET "/schoolclasses" for ::1 at 2020-07-17 18:29:14 -0400
  
LoadError (Unable to autoload constant SchoolclassesController, expected /Users/elilandau/Development/code/Mod2/rails-form_for-lab-nyc01-seng-ft-062220/app/controllers/schoolclasses_controller.rb to define it):
  
activesupport (5.0.7.1) lib/active_support/dependencies.rb:513:in `load_missing_constant'
activesupport (5.0.7.1) lib/active_support/dependencies.rb:203:in `const_missing'
activesupport (5.0.7.1) lib/active_support/inflector/methods.rb:268:in `const_get'
activesupport (5.0.7.1) lib/active_support/inflector/methods.rb:268:in `block in constantize'
activesupport (5.0.7.1) lib/active_support/inflector/methods.rb:266:in `each'
activesupport (5.0.7.1) lib/active_support/inflector/methods.rb:266:in `inject'
activesupport (5.0.7.1) lib/active_support/inflector/methods.rb:266:in `constantize'
activesupport (5.0.7.1) lib/active_support/dependencies.rb:584:in `get'
activesupport (5.0.7.1) lib/active_support/dependencies.rb:615:in `constantize'
actionpack (5.0.7.1) lib/action_dispatch/http/request.rb:81:in `controller_class'
actionpack (5.0.7.1) lib/action_dispatch/routing/route_set.rb:44:in `controller'
actionpack (5.0.7.1) lib/action_dispatch/routing/route_set.rb:30:in `serve'
actionpack (5.0.7.1) lib/action_dispatch/journey/router.rb:39:in `block in serve'
actionpack (5.0.7.1) lib/action_dispatch/journey/router.rb:26:in `each'
actionpack (5.0.7.1) lib/action_dispatch/journey/router.rb:26:in `serve'
actionpack (5.0.7.1) lib/action_dispatch/routing/route_set.rb:727:in `call'
rack (2.2.3) lib/rack/etag.rb:27:in `call'
rack (2.2.3) lib/rack/conditional_get.rb:27:in `call'
rack (2.2.3) lib/rack/head.rb:12:in `call'
rack (2.2.3) lib/rack/session/abstract/id.rb:266:in `context'
rack (2.2.3) lib/rack/session/abstract/id.rb:260:in `call'
actionpack (5.0.7.1) lib/action_dispatch/middleware/cookies.rb:613:in `call'
activerecord (5.0.7.1) lib/active_record/migration.rb:553:in `call'
actionpack (5.0.7.1) lib/action_dispatch/middleware/callbacks.rb:38:in `block in call'
activesupport (5.0.7.1) lib/active_support/callbacks.rb:97:in `__run_callbacks__'
activesupport (5.0.7.1) lib/active_support/callbacks.rb:750:in `_run_call_callbacks'
activesupport (5.0.7.1) lib/active_support/callbacks.rb:90:in `run_callbacks'
actionpack (5.0.7.1) lib/action_dispatch/middleware/callbacks.rb:36:in `call'
actionpack (5.0.7.1) lib/action_dispatch/middleware/executor.rb:12:in `call'
actionpack (5.0.7.1) lib/action_dispatch/middleware/remote_ip.rb:79:in `call'
actionpack (5.0.7.1) lib/action_dispatch/middleware/debug_exceptions.rb:49:in `call'
actionpack (5.0.7.1) lib/action_dispatch/middleware/show_exceptions.rb:31:in `call'
railties (5.0.7.1) lib/rails/rack/logger.rb:36:in `call_app'
railties (5.0.7.1) lib/rails/rack/logger.rb:24:in `block in call'
activesupport (5.0.7.1) lib/active_support/tagged_logging.rb:69:in `block in tagged'
activesupport (5.0.7.1) lib/active_support/tagged_logging.rb:26:in `tagged'
activesupport (5.0.7.1) lib/active_support/tagged_logging.rb:69:in `tagged'
railties (5.0.7.1) lib/rails/rack/logger.rb:24:in `call'
sprockets-rails (3.2.1) lib/sprockets/rails/quiet_assets.rb:13:in `call'
actionpack (5.0.7.1) lib/action_dispatch/middleware/request_id.rb:24:in `call'
rack (2.2.3) lib/rack/method_override.rb:24:in `call'
rack (2.2.3) lib/rack/runtime.rb:22:in `call'
activesupport (5.0.7.1) lib/active_support/cache/strategy/local_cache_middleware.rb:28:in `call'
actionpack (5.0.7.1) lib/action_dispatch/middleware/executor.rb:12:in `call'
actionpack (5.0.7.1) lib/action_dispatch/middleware/static.rb:136:in `call'
rack (2.2.3) lib/rack/sendfile.rb:110:in `call'
railties (5.0.7.1) lib/rails/engine.rb:522:in `call'
rack (2.2.3) lib/rack/handler/webrick.rb:95:in `service'
/Users/elilandau/.rvm/rubies/ruby-2.6.1/lib/ruby/2.6.0/webrick/httpserver.rb:140:in `service'
/Users/elilandau/.rvm/rubies/ruby-2.6.1/lib/ruby/2.6.0/webrick/httpserver.rb:96:in `run'
/Users/elilandau/.rvm/rubies/ruby-2.6.1/lib/ruby/2.6.0/webrick/server.rb:307:in `block in start_thread'
  Rendering /Users/elilandau/.rvm/gems/ruby-2.6.1/gems/actionpack-5.0.7.1/lib/action_dispatch/middleware/templates/rescues/diagnostics.html.erb within rescues/layout
  Rendering /Users/elilandau/.rvm/gems/ruby-2.6.1/gems/actionpack-5.0.7.1/lib/action_dispatch/middleware/templates/rescues/_source.html.erb
  Rendered /Users/elilandau/.rvm/gems/ruby-2.6.1/gems/actionpack-5.0.7.1/lib/action_dispatch/middleware/templates/rescues/_source.html.erb (1.8ms)
  Rendering /Users/elilandau/.rvm/gems/ruby-2.6.1/gems/actionpack-5.0.7.1/lib/action_dispatch/middleware/templates/rescues/_trace.html.erb
  Rendered /Users/elilandau/.rvm/gems/ruby-2.6.1/gems/actionpack-5.0.7.1/lib/action_dispatch/middleware/templates/rescues/_trace.html.erb (0.9ms)
  Rendering /Users/elilandau/.rvm/gems/ruby-2.6.1/gems/actionpack-5.0.7.1/lib/action_dispatch/middleware/templates/rescues/_request_and_response.html.erb
  Rendered /Users/elilandau/.rvm/gems/ruby-2.6.1/gems/actionpack-5.0.7.1/lib/action_dispatch/middleware/templates/rescues/_request_and_response.html.erb (0.8ms)
  Rendered /Users/elilandau/.rvm/gems/ruby-2.6.1/gems/actionpack-5.0.7.1/lib/action_dispatch/middleware/templates/rescues/diagnostics.html.erb within rescues/layout (14.4ms)
Started GET "/schoolclasses" for ::1 at 2020-07-17 18:29:47 -0400
  
LoadError (Unable to autoload constant SchoolclassesController, expected /Users/elilandau/Development/code/Mod2/rails-form_for-lab-nyc01-seng-ft-062220/app/controllers/schoolclasses_controller.rb to define it):
  
activesupport (5.0.7.1) lib/active_support/dependencies.rb:513:in `load_missing_constant'
activesupport (5.0.7.1) lib/active_support/dependencies.rb:203:in `const_missing'
activesupport (5.0.7.1) lib/active_support/inflector/methods.rb:268:in `const_get'
activesupport (5.0.7.1) lib/active_support/inflector/methods.rb:268:in `block in constantize'
activesupport (5.0.7.1) lib/active_support/inflector/methods.rb:266:in `each'
activesupport (5.0.7.1) lib/active_support/inflector/methods.rb:266:in `inject'
activesupport (5.0.7.1) lib/active_support/inflector/methods.rb:266:in `constantize'
activesupport (5.0.7.1) lib/active_support/dependencies.rb:584:in `get'
activesupport (5.0.7.1) lib/active_support/dependencies.rb:615:in `constantize'
actionpack (5.0.7.1) lib/action_dispatch/http/request.rb:81:in `controller_class'
actionpack (5.0.7.1) lib/action_dispatch/routing/route_set.rb:44:in `controller'
actionpack (5.0.7.1) lib/action_dispatch/routing/route_set.rb:30:in `serve'
actionpack (5.0.7.1) lib/action_dispatch/journey/router.rb:39:in `block in serve'
actionpack (5.0.7.1) lib/action_dispatch/journey/router.rb:26:in `each'
actionpack (5.0.7.1) lib/action_dispatch/journey/router.rb:26:in `serve'
actionpack (5.0.7.1) lib/action_dispatch/routing/route_set.rb:727:in `call'
rack (2.2.3) lib/rack/etag.rb:27:in `call'
rack (2.2.3) lib/rack/conditional_get.rb:27:in `call'
rack (2.2.3) lib/rack/head.rb:12:in `call'
rack (2.2.3) lib/rack/session/abstract/id.rb:266:in `context'
rack (2.2.3) lib/rack/session/abstract/id.rb:260:in `call'
actionpack (5.0.7.1) lib/action_dispatch/middleware/cookies.rb:613:in `call'
activerecord (5.0.7.1) lib/active_record/migration.rb:553:in `call'
actionpack (5.0.7.1) lib/action_dispatch/middleware/callbacks.rb:38:in `block in call'
activesupport (5.0.7.1) lib/active_support/callbacks.rb:97:in `__run_callbacks__'
activesupport (5.0.7.1) lib/active_support/callbacks.rb:750:in `_run_call_callbacks'
activesupport (5.0.7.1) lib/active_support/callbacks.rb:90:in `run_callbacks'
actionpack (5.0.7.1) lib/action_dispatch/middleware/callbacks.rb:36:in `call'
actionpack (5.0.7.1) lib/action_dispatch/middleware/executor.rb:12:in `call'
actionpack (5.0.7.1) lib/action_dispatch/middleware/remote_ip.rb:79:in `call'
actionpack (5.0.7.1) lib/action_dispatch/middleware/debug_exceptions.rb:49:in `call'
actionpack (5.0.7.1) lib/action_dispatch/middleware/show_exceptions.rb:31:in `call'
railties (5.0.7.1) lib/rails/rack/logger.rb:36:in `call_app'
railties (5.0.7.1) lib/rails/rack/logger.rb:24:in `block in call'
activesupport (5.0.7.1) lib/active_support/tagged_logging.rb:69:in `block in tagged'
activesupport (5.0.7.1) lib/active_support/tagged_logging.rb:26:in `tagged'
activesupport (5.0.7.1) lib/active_support/tagged_logging.rb:69:in `tagged'
railties (5.0.7.1) lib/rails/rack/logger.rb:24:in `call'
sprockets-rails (3.2.1) lib/sprockets/rails/quiet_assets.rb:13:in `call'
actionpack (5.0.7.1) lib/action_dispatch/middleware/request_id.rb:24:in `call'
rack (2.2.3) lib/rack/method_override.rb:24:in `call'
rack (2.2.3) lib/rack/runtime.rb:22:in `call'
activesupport (5.0.7.1) lib/active_support/cache/strategy/local_cache_middleware.rb:28:in `call'
actionpack (5.0.7.1) lib/action_dispatch/middleware/executor.rb:12:in `call'
actionpack (5.0.7.1) lib/action_dispatch/middleware/static.rb:136:in `call'
rack (2.2.3) lib/rack/sendfile.rb:110:in `call'
railties (5.0.7.1) lib/rails/engine.rb:522:in `call'
rack (2.2.3) lib/rack/handler/webrick.rb:95:in `service'
/Users/elilandau/.rvm/rubies/ruby-2.6.1/lib/ruby/2.6.0/webrick/httpserver.rb:140:in `service'
/Users/elilandau/.rvm/rubies/ruby-2.6.1/lib/ruby/2.6.0/webrick/httpserver.rb:96:in `run'
/Users/elilandau/.rvm/rubies/ruby-2.6.1/lib/ruby/2.6.0/webrick/server.rb:307:in `block in start_thread'
  Rendering /Users/elilandau/.rvm/gems/ruby-2.6.1/gems/actionpack-5.0.7.1/lib/action_dispatch/middleware/templates/rescues/diagnostics.html.erb within rescues/layout
  Rendering /Users/elilandau/.rvm/gems/ruby-2.6.1/gems/actionpack-5.0.7.1/lib/action_dispatch/middleware/templates/rescues/_source.html.erb
  Rendered /Users/elilandau/.rvm/gems/ruby-2.6.1/gems/actionpack-5.0.7.1/lib/action_dispatch/middleware/templates/rescues/_source.html.erb (1.7ms)
  Rendering /Users/elilandau/.rvm/gems/ruby-2.6.1/gems/actionpack-5.0.7.1/lib/action_dispatch/middleware/templates/rescues/_trace.html.erb
  Rendered /Users/elilandau/.rvm/gems/ruby-2.6.1/gems/actionpack-5.0.7.1/lib/action_dispatch/middleware/templates/rescues/_trace.html.erb (1.1ms)
  Rendering /Users/elilandau/.rvm/gems/ruby-2.6.1/gems/actionpack-5.0.7.1/lib/action_dispatch/middleware/templates/rescues/_request_and_response.html.erb
  Rendered /Users/elilandau/.rvm/gems/ruby-2.6.1/gems/actionpack-5.0.7.1/lib/action_dispatch/middleware/templates/rescues/_request_and_response.html.erb (0.8ms)
  Rendered /Users/elilandau/.rvm/gems/ruby-2.6.1/gems/actionpack-5.0.7.1/lib/action_dispatch/middleware/templates/rescues/diagnostics.html.erb within rescues/layout (15.0ms)
Started GET "/schoolclasses" for ::1 at 2020-07-17 18:29:48 -0400
  
LoadError (Unable to autoload constant SchoolclassesController, expected /Users/elilandau/Development/code/Mod2/rails-form_for-lab-nyc01-seng-ft-062220/app/controllers/schoolclasses_controller.rb to define it):
  
activesupport (5.0.7.1) lib/active_support/dependencies.rb:513:in `load_missing_constant'
activesupport (5.0.7.1) lib/active_support/dependencies.rb:203:in `const_missing'
activesupport (5.0.7.1) lib/active_support/inflector/methods.rb:268:in `const_get'
activesupport (5.0.7.1) lib/active_support/inflector/methods.rb:268:in `block in constantize'
activesupport (5.0.7.1) lib/active_support/inflector/methods.rb:266:in `each'
activesupport (5.0.7.1) lib/active_support/inflector/methods.rb:266:in `inject'
activesupport (5.0.7.1) lib/active_support/inflector/methods.rb:266:in `constantize'
activesupport (5.0.7.1) lib/active_support/dependencies.rb:584:in `get'
activesupport (5.0.7.1) lib/active_support/dependencies.rb:615:in `constantize'
actionpack (5.0.7.1) lib/action_dispatch/http/request.rb:81:in `controller_class'
actionpack (5.0.7.1) lib/action_dispatch/routing/route_set.rb:44:in `controller'
actionpack (5.0.7.1) lib/action_dispatch/routing/route_set.rb:30:in `serve'
actionpack (5.0.7.1) lib/action_dispatch/journey/router.rb:39:in `block in serve'
actionpack (5.0.7.1) lib/action_dispatch/journey/router.rb:26:in `each'
actionpack (5.0.7.1) lib/action_dispatch/journey/router.rb:26:in `serve'
actionpack (5.0.7.1) lib/action_dispatch/routing/route_set.rb:727:in `call'
rack (2.2.3) lib/rack/etag.rb:27:in `call'
rack (2.2.3) lib/rack/conditional_get.rb:27:in `call'
rack (2.2.3) lib/rack/head.rb:12:in `call'
rack (2.2.3) lib/rack/session/abstract/id.rb:266:in `context'
rack (2.2.3) lib/rack/session/abstract/id.rb:260:in `call'
actionpack (5.0.7.1) lib/action_dispatch/middleware/cookies.rb:613:in `call'
activerecord (5.0.7.1) lib/active_record/migration.rb:553:in `call'
actionpack (5.0.7.1) lib/action_dispatch/middleware/callbacks.rb:38:in `block in call'
activesupport (5.0.7.1) lib/active_support/callbacks.rb:97:in `__run_callbacks__'
activesupport (5.0.7.1) lib/active_support/callbacks.rb:750:in `_run_call_callbacks'
activesupport (5.0.7.1) lib/active_support/callbacks.rb:90:in `run_callbacks'
actionpack (5.0.7.1) lib/action_dispatch/middleware/callbacks.rb:36:in `call'
actionpack (5.0.7.1) lib/action_dispatch/middleware/executor.rb:12:in `call'
actionpack (5.0.7.1) lib/action_dispatch/middleware/remote_ip.rb:79:in `call'
actionpack (5.0.7.1) lib/action_dispatch/middleware/debug_exceptions.rb:49:in `call'
actionpack (5.0.7.1) lib/action_dispatch/middleware/show_exceptions.rb:31:in `call'
railties (5.0.7.1) lib/rails/rack/logger.rb:36:in `call_app'
railties (5.0.7.1) lib/rails/rack/logger.rb:24:in `block in call'
activesupport (5.0.7.1) lib/active_support/tagged_logging.rb:69:in `block in tagged'
activesupport (5.0.7.1) lib/active_support/tagged_logging.rb:26:in `tagged'
activesupport (5.0.7.1) lib/active_support/tagged_logging.rb:69:in `tagged'
railties (5.0.7.1) lib/rails/rack/logger.rb:24:in `call'
sprockets-rails (3.2.1) lib/sprockets/rails/quiet_assets.rb:13:in `call'
actionpack (5.0.7.1) lib/action_dispatch/middleware/request_id.rb:24:in `call'
rack (2.2.3) lib/rack/method_override.rb:24:in `call'
rack (2.2.3) lib/rack/runtime.rb:22:in `call'
activesupport (5.0.7.1) lib/active_support/cache/strategy/local_cache_middleware.rb:28:in `call'
actionpack (5.0.7.1) lib/action_dispatch/middleware/executor.rb:12:in `call'
actionpack (5.0.7.1) lib/action_dispatch/middleware/static.rb:136:in `call'
rack (2.2.3) lib/rack/sendfile.rb:110:in `call'
railties (5.0.7.1) lib/rails/engine.rb:522:in `call'
rack (2.2.3) lib/rack/handler/webrick.rb:95:in `service'
/Users/elilandau/.rvm/rubies/ruby-2.6.1/lib/ruby/2.6.0/webrick/httpserver.rb:140:in `service'
/Users/elilandau/.rvm/rubies/ruby-2.6.1/lib/ruby/2.6.0/webrick/httpserver.rb:96:in `run'
/Users/elilandau/.rvm/rubies/ruby-2.6.1/lib/ruby/2.6.0/webrick/server.rb:307:in `block in start_thread'
  Rendering /Users/elilandau/.rvm/gems/ruby-2.6.1/gems/actionpack-5.0.7.1/lib/action_dispatch/middleware/templates/rescues/diagnostics.html.erb within rescues/layout
  Rendering /Users/elilandau/.rvm/gems/ruby-2.6.1/gems/actionpack-5.0.7.1/lib/action_dispatch/middleware/templates/rescues/_source.html.erb
  Rendered /Users/elilandau/.rvm/gems/ruby-2.6.1/gems/actionpack-5.0.7.1/lib/action_dispatch/middleware/templates/rescues/_source.html.erb (2.4ms)
  Rendering /Users/elilandau/.rvm/gems/ruby-2.6.1/gems/actionpack-5.0.7.1/lib/action_dispatch/middleware/templates/rescues/_trace.html.erb
  Rendered /Users/elilandau/.rvm/gems/ruby-2.6.1/gems/actionpack-5.0.7.1/lib/action_dispatch/middleware/templates/rescues/_trace.html.erb (1.3ms)
  Rendering /Users/elilandau/.rvm/gems/ruby-2.6.1/gems/actionpack-5.0.7.1/lib/action_dispatch/middleware/templates/rescues/_request_and_response.html.erb
  Rendered /Users/elilandau/.rvm/gems/ruby-2.6.1/gems/actionpack-5.0.7.1/lib/action_dispatch/middleware/templates/rescues/_request_and_response.html.erb (1.0ms)
  Rendered /Users/elilandau/.rvm/gems/ruby-2.6.1/gems/actionpack-5.0.7.1/lib/action_dispatch/middleware/templates/rescues/diagnostics.html.erb within rescues/layout (21.5ms)
Started GET "/schoolclasses" for ::1 at 2020-07-17 18:29:49 -0400
  
LoadError (Unable to autoload constant SchoolclassesController, expected /Users/elilandau/Development/code/Mod2/rails-form_for-lab-nyc01-seng-ft-062220/app/controllers/schoolclasses_controller.rb to define it):
  
activesupport (5.0.7.1) lib/active_support/dependencies.rb:513:in `load_missing_constant'
activesupport (5.0.7.1) lib/active_support/dependencies.rb:203:in `const_missing'
activesupport (5.0.7.1) lib/active_support/inflector/methods.rb:268:in `const_get'
activesupport (5.0.7.1) lib/active_support/inflector/methods.rb:268:in `block in constantize'
activesupport (5.0.7.1) lib/active_support/inflector/methods.rb:266:in `each'
activesupport (5.0.7.1) lib/active_support/inflector/methods.rb:266:in `inject'
activesupport (5.0.7.1) lib/active_support/inflector/methods.rb:266:in `constantize'
activesupport (5.0.7.1) lib/active_support/dependencies.rb:584:in `get'
activesupport (5.0.7.1) lib/active_support/dependencies.rb:615:in `constantize'
actionpack (5.0.7.1) lib/action_dispatch/http/request.rb:81:in `controller_class'
actionpack (5.0.7.1) lib/action_dispatch/routing/route_set.rb:44:in `controller'
actionpack (5.0.7.1) lib/action_dispatch/routing/route_set.rb:30:in `serve'
actionpack (5.0.7.1) lib/action_dispatch/journey/router.rb:39:in `block in serve'
actionpack (5.0.7.1) lib/action_dispatch/journey/router.rb:26:in `each'
actionpack (5.0.7.1) lib/action_dispatch/journey/router.rb:26:in `serve'
actionpack (5.0.7.1) lib/action_dispatch/routing/route_set.rb:727:in `call'
rack (2.2.3) lib/rack/etag.rb:27:in `call'
rack (2.2.3) lib/rack/conditional_get.rb:27:in `call'
rack (2.2.3) lib/rack/head.rb:12:in `call'
rack (2.2.3) lib/rack/session/abstract/id.rb:266:in `context'
rack (2.2.3) lib/rack/session/abstract/id.rb:260:in `call'
actionpack (5.0.7.1) lib/action_dispatch/middleware/cookies.rb:613:in `call'
activerecord (5.0.7.1) lib/active_record/migration.rb:553:in `call'
actionpack (5.0.7.1) lib/action_dispatch/middleware/callbacks.rb:38:in `block in call'
activesupport (5.0.7.1) lib/active_support/callbacks.rb:97:in `__run_callbacks__'
activesupport (5.0.7.1) lib/active_support/callbacks.rb:750:in `_run_call_callbacks'
activesupport (5.0.7.1) lib/active_support/callbacks.rb:90:in `run_callbacks'
actionpack (5.0.7.1) lib/action_dispatch/middleware/callbacks.rb:36:in `call'
actionpack (5.0.7.1) lib/action_dispatch/middleware/executor.rb:12:in `call'
actionpack (5.0.7.1) lib/action_dispatch/middleware/remote_ip.rb:79:in `call'
actionpack (5.0.7.1) lib/action_dispatch/middleware/debug_exceptions.rb:49:in `call'
actionpack (5.0.7.1) lib/action_dispatch/middleware/show_exceptions.rb:31:in `call'
railties (5.0.7.1) lib/rails/rack/logger.rb:36:in `call_app'
railties (5.0.7.1) lib/rails/rack/logger.rb:24:in `block in call'
activesupport (5.0.7.1) lib/active_support/tagged_logging.rb:69:in `block in tagged'
activesupport (5.0.7.1) lib/active_support/tagged_logging.rb:26:in `tagged'
activesupport (5.0.7.1) lib/active_support/tagged_logging.rb:69:in `tagged'
railties (5.0.7.1) lib/rails/rack/logger.rb:24:in `call'
sprockets-rails (3.2.1) lib/sprockets/rails/quiet_assets.rb:13:in `call'
actionpack (5.0.7.1) lib/action_dispatch/middleware/request_id.rb:24:in `call'
rack (2.2.3) lib/rack/method_override.rb:24:in `call'
rack (2.2.3) lib/rack/runtime.rb:22:in `call'
activesupport (5.0.7.1) lib/active_support/cache/strategy/local_cache_middleware.rb:28:in `call'
actionpack (5.0.7.1) lib/action_dispatch/middleware/executor.rb:12:in `call'
actionpack (5.0.7.1) lib/action_dispatch/middleware/static.rb:136:in `call'
rack (2.2.3) lib/rack/sendfile.rb:110:in `call'
railties (5.0.7.1) lib/rails/engine.rb:522:in `call'
rack (2.2.3) lib/rack/handler/webrick.rb:95:in `service'
/Users/elilandau/.rvm/rubies/ruby-2.6.1/lib/ruby/2.6.0/webrick/httpserver.rb:140:in `service'
/Users/elilandau/.rvm/rubies/ruby-2.6.1/lib/ruby/2.6.0/webrick/httpserver.rb:96:in `run'
/Users/elilandau/.rvm/rubies/ruby-2.6.1/lib/ruby/2.6.0/webrick/server.rb:307:in `block in start_thread'
  Rendering /Users/elilandau/.rvm/gems/ruby-2.6.1/gems/actionpack-5.0.7.1/lib/action_dispatch/middleware/templates/rescues/diagnostics.html.erb within rescues/layout
  Rendering /Users/elilandau/.rvm/gems/ruby-2.6.1/gems/actionpack-5.0.7.1/lib/action_dispatch/middleware/templates/rescues/_source.html.erb
  Rendered /Users/elilandau/.rvm/gems/ruby-2.6.1/gems/actionpack-5.0.7.1/lib/action_dispatch/middleware/templates/rescues/_source.html.erb (2.5ms)
  Rendering /Users/elilandau/.rvm/gems/ruby-2.6.1/gems/actionpack-5.0.7.1/lib/action_dispatch/middleware/templates/rescues/_trace.html.erb
  Rendered /Users/elilandau/.rvm/gems/ruby-2.6.1/gems/actionpack-5.0.7.1/lib/action_dispatch/middleware/templates/rescues/_trace.html.erb (1.2ms)
  Rendering /Users/elilandau/.rvm/gems/ruby-2.6.1/gems/actionpack-5.0.7.1/lib/action_dispatch/middleware/templates/rescues/_request_and_response.html.erb
  Rendered /Users/elilandau/.rvm/gems/ruby-2.6.1/gems/actionpack-5.0.7.1/lib/action_dispatch/middleware/templates/rescues/_request_and_response.html.erb (1.0ms)
  Rendered /Users/elilandau/.rvm/gems/ruby-2.6.1/gems/actionpack-5.0.7.1/lib/action_dispatch/middleware/templates/rescues/diagnostics.html.erb within rescues/layout (22.5ms)
Started GET "/schoolclasses" for ::1 at 2020-07-17 18:30:36 -0400
  
LoadError (Unable to autoload constant SchoolclassesController, expected /Users/elilandau/Development/code/Mod2/rails-form_for-lab-nyc01-seng-ft-062220/app/controllers/schoolclasses_controller.rb to define it):
  
activesupport (5.0.7.1) lib/active_support/dependencies.rb:513:in `load_missing_constant'
activesupport (5.0.7.1) lib/active_support/dependencies.rb:203:in `const_missing'
activesupport (5.0.7.1) lib/active_support/inflector/methods.rb:268:in `const_get'
activesupport (5.0.7.1) lib/active_support/inflector/methods.rb:268:in `block in constantize'
activesupport (5.0.7.1) lib/active_support/inflector/methods.rb:266:in `each'
activesupport (5.0.7.1) lib/active_support/inflector/methods.rb:266:in `inject'
activesupport (5.0.7.1) lib/active_support/inflector/methods.rb:266:in `constantize'
activesupport (5.0.7.1) lib/active_support/dependencies.rb:584:in `get'
activesupport (5.0.7.1) lib/active_support/dependencies.rb:615:in `constantize'
actionpack (5.0.7.1) lib/action_dispatch/http/request.rb:81:in `controller_class'
actionpack (5.0.7.1) lib/action_dispatch/routing/route_set.rb:44:in `controller'
actionpack (5.0.7.1) lib/action_dispatch/routing/route_set.rb:30:in `serve'
actionpack (5.0.7.1) lib/action_dispatch/journey/router.rb:39:in `block in serve'
actionpack (5.0.7.1) lib/action_dispatch/journey/router.rb:26:in `each'
actionpack (5.0.7.1) lib/action_dispatch/journey/router.rb:26:in `serve'
actionpack (5.0.7.1) lib/action_dispatch/routing/route_set.rb:727:in `call'
rack (2.2.3) lib/rack/etag.rb:27:in `call'
rack (2.2.3) lib/rack/conditional_get.rb:27:in `call'
rack (2.2.3) lib/rack/head.rb:12:in `call'
rack (2.2.3) lib/rack/session/abstract/id.rb:266:in `context'
rack (2.2.3) lib/rack/session/abstract/id.rb:260:in `call'
actionpack (5.0.7.1) lib/action_dispatch/middleware/cookies.rb:613:in `call'
activerecord (5.0.7.1) lib/active_record/migration.rb:553:in `call'
actionpack (5.0.7.1) lib/action_dispatch/middleware/callbacks.rb:38:in `block in call'
activesupport (5.0.7.1) lib/active_support/callbacks.rb:97:in `__run_callbacks__'
activesupport (5.0.7.1) lib/active_support/callbacks.rb:750:in `_run_call_callbacks'
activesupport (5.0.7.1) lib/active_support/callbacks.rb:90:in `run_callbacks'
actionpack (5.0.7.1) lib/action_dispatch/middleware/callbacks.rb:36:in `call'
actionpack (5.0.7.1) lib/action_dispatch/middleware/executor.rb:12:in `call'
actionpack (5.0.7.1) lib/action_dispatch/middleware/remote_ip.rb:79:in `call'
actionpack (5.0.7.1) lib/action_dispatch/middleware/debug_exceptions.rb:49:in `call'
actionpack (5.0.7.1) lib/action_dispatch/middleware/show_exceptions.rb:31:in `call'
railties (5.0.7.1) lib/rails/rack/logger.rb:36:in `call_app'
railties (5.0.7.1) lib/rails/rack/logger.rb:24:in `block in call'
activesupport (5.0.7.1) lib/active_support/tagged_logging.rb:69:in `block in tagged'
activesupport (5.0.7.1) lib/active_support/tagged_logging.rb:26:in `tagged'
activesupport (5.0.7.1) lib/active_support/tagged_logging.rb:69:in `tagged'
railties (5.0.7.1) lib/rails/rack/logger.rb:24:in `call'
sprockets-rails (3.2.1) lib/sprockets/rails/quiet_assets.rb:13:in `call'
actionpack (5.0.7.1) lib/action_dispatch/middleware/request_id.rb:24:in `call'
rack (2.2.3) lib/rack/method_override.rb:24:in `call'
rack (2.2.3) lib/rack/runtime.rb:22:in `call'
activesupport (5.0.7.1) lib/active_support/cache/strategy/local_cache_middleware.rb:28:in `call'
actionpack (5.0.7.1) lib/action_dispatch/middleware/executor.rb:12:in `call'
actionpack (5.0.7.1) lib/action_dispatch/middleware/static.rb:136:in `call'
rack (2.2.3) lib/rack/sendfile.rb:110:in `call'
railties (5.0.7.1) lib/rails/engine.rb:522:in `call'
rack (2.2.3) lib/rack/handler/webrick.rb:95:in `service'
/Users/elilandau/.rvm/rubies/ruby-2.6.1/lib/ruby/2.6.0/webrick/httpserver.rb:140:in `service'
/Users/elilandau/.rvm/rubies/ruby-2.6.1/lib/ruby/2.6.0/webrick/httpserver.rb:96:in `run'
/Users/elilandau/.rvm/rubies/ruby-2.6.1/lib/ruby/2.6.0/webrick/server.rb:307:in `block in start_thread'
  Rendering /Users/elilandau/.rvm/gems/ruby-2.6.1/gems/actionpack-5.0.7.1/lib/action_dispatch/middleware/templates/rescues/diagnostics.html.erb within rescues/layout
  Rendering /Users/elilandau/.rvm/gems/ruby-2.6.1/gems/actionpack-5.0.7.1/lib/action_dispatch/middleware/templates/rescues/_source.html.erb
  Rendered /Users/elilandau/.rvm/gems/ruby-2.6.1/gems/actionpack-5.0.7.1/lib/action_dispatch/middleware/templates/rescues/_source.html.erb (1.6ms)
  Rendering /Users/elilandau/.rvm/gems/ruby-2.6.1/gems/actionpack-5.0.7.1/lib/action_dispatch/middleware/templates/rescues/_trace.html.erb
  Rendered /Users/elilandau/.rvm/gems/ruby-2.6.1/gems/actionpack-5.0.7.1/lib/action_dispatch/middleware/templates/rescues/_trace.html.erb (0.8ms)
  Rendering /Users/elilandau/.rvm/gems/ruby-2.6.1/gems/actionpack-5.0.7.1/lib/action_dispatch/middleware/templates/rescues/_request_and_response.html.erb
  Rendered /Users/elilandau/.rvm/gems/ruby-2.6.1/gems/actionpack-5.0.7.1/lib/action_dispatch/middleware/templates/rescues/_request_and_response.html.erb (0.8ms)
  Rendered /Users/elilandau/.rvm/gems/ruby-2.6.1/gems/actionpack-5.0.7.1/lib/action_dispatch/middleware/templates/rescues/diagnostics.html.erb within rescues/layout (13.9ms)
Started GET "/schoolclasses" for ::1 at 2020-07-17 18:30:37 -0400
  
LoadError (Unable to autoload constant SchoolclassesController, expected /Users/elilandau/Development/code/Mod2/rails-form_for-lab-nyc01-seng-ft-062220/app/controllers/schoolclasses_controller.rb to define it):
  
activesupport (5.0.7.1) lib/active_support/dependencies.rb:513:in `load_missing_constant'
activesupport (5.0.7.1) lib/active_support/dependencies.rb:203:in `const_missing'
activesupport (5.0.7.1) lib/active_support/inflector/methods.rb:268:in `const_get'
activesupport (5.0.7.1) lib/active_support/inflector/methods.rb:268:in `block in constantize'
activesupport (5.0.7.1) lib/active_support/inflector/methods.rb:266:in `each'
activesupport (5.0.7.1) lib/active_support/inflector/methods.rb:266:in `inject'
activesupport (5.0.7.1) lib/active_support/inflector/methods.rb:266:in `constantize'
activesupport (5.0.7.1) lib/active_support/dependencies.rb:584:in `get'
activesupport (5.0.7.1) lib/active_support/dependencies.rb:615:in `constantize'
actionpack (5.0.7.1) lib/action_dispatch/http/request.rb:81:in `controller_class'
actionpack (5.0.7.1) lib/action_dispatch/routing/route_set.rb:44:in `controller'
actionpack (5.0.7.1) lib/action_dispatch/routing/route_set.rb:30:in `serve'
actionpack (5.0.7.1) lib/action_dispatch/journey/router.rb:39:in `block in serve'
actionpack (5.0.7.1) lib/action_dispatch/journey/router.rb:26:in `each'
actionpack (5.0.7.1) lib/action_dispatch/journey/router.rb:26:in `serve'
actionpack (5.0.7.1) lib/action_dispatch/routing/route_set.rb:727:in `call'
rack (2.2.3) lib/rack/etag.rb:27:in `call'
rack (2.2.3) lib/rack/conditional_get.rb:27:in `call'
rack (2.2.3) lib/rack/head.rb:12:in `call'
rack (2.2.3) lib/rack/session/abstract/id.rb:266:in `context'
rack (2.2.3) lib/rack/session/abstract/id.rb:260:in `call'
actionpack (5.0.7.1) lib/action_dispatch/middleware/cookies.rb:613:in `call'
activerecord (5.0.7.1) lib/active_record/migration.rb:553:in `call'
actionpack (5.0.7.1) lib/action_dispatch/middleware/callbacks.rb:38:in `block in call'
activesupport (5.0.7.1) lib/active_support/callbacks.rb:97:in `__run_callbacks__'
activesupport (5.0.7.1) lib/active_support/callbacks.rb:750:in `_run_call_callbacks'
activesupport (5.0.7.1) lib/active_support/callbacks.rb:90:in `run_callbacks'
actionpack (5.0.7.1) lib/action_dispatch/middleware/callbacks.rb:36:in `call'
actionpack (5.0.7.1) lib/action_dispatch/middleware/executor.rb:12:in `call'
actionpack (5.0.7.1) lib/action_dispatch/middleware/remote_ip.rb:79:in `call'
actionpack (5.0.7.1) lib/action_dispatch/middleware/debug_exceptions.rb:49:in `call'
actionpack (5.0.7.1) lib/action_dispatch/middleware/show_exceptions.rb:31:in `call'
railties (5.0.7.1) lib/rails/rack/logger.rb:36:in `call_app'
railties (5.0.7.1) lib/rails/rack/logger.rb:24:in `block in call'
activesupport (5.0.7.1) lib/active_support/tagged_logging.rb:69:in `block in tagged'
activesupport (5.0.7.1) lib/active_support/tagged_logging.rb:26:in `tagged'
activesupport (5.0.7.1) lib/active_support/tagged_logging.rb:69:in `tagged'
railties (5.0.7.1) lib/rails/rack/logger.rb:24:in `call'
sprockets-rails (3.2.1) lib/sprockets/rails/quiet_assets.rb:13:in `call'
actionpack (5.0.7.1) lib/action_dispatch/middleware/request_id.rb:24:in `call'
rack (2.2.3) lib/rack/method_override.rb:24:in `call'
rack (2.2.3) lib/rack/runtime.rb:22:in `call'
activesupport (5.0.7.1) lib/active_support/cache/strategy/local_cache_middleware.rb:28:in `call'
actionpack (5.0.7.1) lib/action_dispatch/middleware/executor.rb:12:in `call'
actionpack (5.0.7.1) lib/action_dispatch/middleware/static.rb:136:in `call'
rack (2.2.3) lib/rack/sendfile.rb:110:in `call'
railties (5.0.7.1) lib/rails/engine.rb:522:in `call'
rack (2.2.3) lib/rack/handler/webrick.rb:95:in `service'
/Users/elilandau/.rvm/rubies/ruby-2.6.1/lib/ruby/2.6.0/webrick/httpserver.rb:140:in `service'
/Users/elilandau/.rvm/rubies/ruby-2.6.1/lib/ruby/2.6.0/webrick/httpserver.rb:96:in `run'
/Users/elilandau/.rvm/rubies/ruby-2.6.1/lib/ruby/2.6.0/webrick/server.rb:307:in `block in start_thread'
  Rendering /Users/elilandau/.rvm/gems/ruby-2.6.1/gems/actionpack-5.0.7.1/lib/action_dispatch/middleware/templates/rescues/diagnostics.html.erb within rescues/layout
  Rendering /Users/elilandau/.rvm/gems/ruby-2.6.1/gems/actionpack-5.0.7.1/lib/action_dispatch/middleware/templates/rescues/_source.html.erb
  Rendered /Users/elilandau/.rvm/gems/ruby-2.6.1/gems/actionpack-5.0.7.1/lib/action_dispatch/middleware/templates/rescues/_source.html.erb (3.3ms)
  Rendering /Users/elilandau/.rvm/gems/ruby-2.6.1/gems/actionpack-5.0.7.1/lib/action_dispatch/middleware/templates/rescues/_trace.html.erb
  Rendered /Users/elilandau/.rvm/gems/ruby-2.6.1/gems/actionpack-5.0.7.1/lib/action_dispatch/middleware/templates/rescues/_trace.html.erb (1.1ms)
  Rendering /Users/elilandau/.rvm/gems/ruby-2.6.1/gems/actionpack-5.0.7.1/lib/action_dispatch/middleware/templates/rescues/_request_and_response.html.erb
  Rendered /Users/elilandau/.rvm/gems/ruby-2.6.1/gems/actionpack-5.0.7.1/lib/action_dispatch/middleware/templates/rescues/_request_and_response.html.erb (0.9ms)
  Rendered /Users/elilandau/.rvm/gems/ruby-2.6.1/gems/actionpack-5.0.7.1/lib/action_dispatch/middleware/templates/rescues/diagnostics.html.erb within rescues/layout (21.5ms)
Started GET "/schoolclasses" for ::1 at 2020-07-17 18:30:54 -0400
Processing by SchoolclassesController#index as HTML
  Parameters: {"to"=>[:index, :show, :new, :create, :edit, :update]}
  Rendering schoolclasses/index.html.erb within layouts/application
  [1m[36mSchoolclass Load (0.4ms)[0m  [1m[34mSELECT "schoolclasses".* FROM "schoolclasses"[0m
  Rendered schoolclasses/index.html.erb within layouts/application (2.2ms)
Completed 200 OK in 24ms (Views: 18.4ms | ActiveRecord: 0.6ms)


  [1m[36mActiveRecord::SchemaMigration Load (0.1ms)[0m  [1m[34mSELECT "schema_migrations".* FROM "schema_migrations"[0m
  [1m[36mActiveRecord::SchemaMigration Load (0.1ms)[0m  [1m[34mSELECT "schema_migrations".* FROM "schema_migrations"[0m
  [1m[36mStudent Load (0.1ms)[0m  [1m[34mSELECT "students".* FROM "students"[0m
  [1m[35m (0.0ms)[0m  [1m[36mbegin transaction[0m
  [1m[35mSQL (0.4ms)[0m  [1m[31mDELETE FROM "students" WHERE "students"."id" = ?[0m  [["id", 1]]
  [1m[35m (0.8ms)[0m  [1m[36mcommit transaction[0m
  [1m[35m (0.0ms)[0m  [1m[36mbegin transaction[0m
  [1m[35mSQL (0.2ms)[0m  [1m[31mDELETE FROM "students" WHERE "students"."id" = ?[0m  [["id", 3]]
  [1m[35m (0.5ms)[0m  [1m[36mcommit transaction[0m
  [1m[35m (0.0ms)[0m  [1m[36mbegin transaction[0m
  [1m[35mSQL (0.2ms)[0m  [1m[31mDELETE FROM "students" WHERE "students"."id" = ?[0m  [["id", 4]]
  [1m[35m (0.8ms)[0m  [1m[36mcommit transaction[0m
  [1m[35m (0.0ms)[0m  [1m[36mbegin transaction[0m
  [1m[35mSQL (0.2ms)[0m  [1m[31mDELETE FROM "students" WHERE "students"."id" = ?[0m  [["id", 5]]
  [1m[35m (0.8ms)[0m  [1m[36mcommit transaction[0m
  [1m[35m (0.0ms)[0m  [1m[36mbegin transaction[0m
  [1m[35mSQL (0.2ms)[0m  [1m[31mDELETE FROM "students" WHERE "students"."id" = ?[0m  [["id", 6]]
  [1m[35m (0.8ms)[0m  [1m[36mcommit transaction[0m
  [1m[35m (0.0ms)[0m  [1m[36mbegin transaction[0m
  [1m[35mSQL (0.2ms)[0m  [1m[31mDELETE FROM "students" WHERE "students"."id" = ?[0m  [["id", 7]]
  [1m[35m (1.3ms)[0m  [1m[36mcommit transaction[0m
  [1m[36mSchoolclass Load (0.2ms)[0m  [1m[34mSELECT "schoolclasses".* FROM "schoolclasses"[0m
  [1m[35m (0.0ms)[0m  [1m[36mbegin transaction[0m
  [1m[35mSQL (0.4ms)[0m  [1m[32mINSERT INTO "students" ("first_name", "last_name", "created_at", "updated_at") VALUES (?, ?, ?, ?)[0m  [["first_name", "eli"], ["last_name", "landau"], ["created_at", "2020-07-17 22:33:17.361426"], ["updated_at", "2020-07-17 22:33:17.361426"]]
  [1m[35m (1.0ms)[0m  [1m[36mcommit transaction[0m
  [1m[35m (0.0ms)[0m  [1m[36mbegin transaction[0m
  [1m[35mSQL (0.2ms)[0m  [1m[32mINSERT INTO "students" ("first_name", "last_name", "created_at", "updated_at") VALUES (?, ?, ?, ?)[0m  [["first_name", "chiara"], ["last_name", "cafiero"], ["created_at", "2020-07-17 22:33:17.363756"], ["updated_at", "2020-07-17 22:33:17.363756"]]
  [1m[35m (0.8ms)[0m  [1m[36mcommit transaction[0m
  [1m[35m (0.0ms)[0m  [1m[36mbegin transaction[0m
  [1m[35mSQL (0.3ms)[0m  [1m[32mINSERT INTO "schoolclasses" ("title", "room_number", "created_at", "updated_at") VALUES (?, ?, ?, ?)[0m  [["title", "history"], ["room_number", 5], ["created_at", "2020-07-17 22:33:17.367784"], ["updated_at", "2020-07-17 22:33:17.367784"]]
  [1m[35m (0.7ms)[0m  [1m[36mcommit transaction[0m
  [1m[35m (0.0ms)[0m  [1m[36mbegin transaction[0m
  [1m[35mSQL (0.2ms)[0m  [1m[32mINSERT INTO "schoolclasses" ("title", "room_number", "created_at", "updated_at") VALUES (?, ?, ?, ?)[0m  [["title", "math"], ["room_number", 8], ["created_at", "2020-07-17 22:33:17.369513"], ["updated_at", "2020-07-17 22:33:17.369513"]]
  [1m[35m (0.5ms)[0m  [1m[36mcommit transaction[0m
Started GET "/schoolclasses" for ::1 at 2020-07-17 18:33:27 -0400
  [1m[36mActiveRecord::SchemaMigration Load (0.1ms)[0m  [1m[34mSELECT "schema_migrations".* FROM "schema_migrations"[0m
Processing by SchoolclassesController#index as HTML
  Parameters: {"to"=>[:index, :show, :new, :create, :edit, :update]}
  Rendering schoolclasses/index.html.erb within layouts/application
  [1m[36mSchoolclass Load (0.1ms)[0m  [1m[34mSELECT "schoolclasses".* FROM "schoolclasses"[0m
  Rendered schoolclasses/index.html.erb within layouts/application (8.8ms)
Completed 200 OK in 209ms (Views: 201.1ms | ActiveRecord: 0.4ms)


Started GET "/schoolclasses" for ::1 at 2020-07-17 18:34:42 -0400
Processing by SchoolclassesController#index as HTML
  Parameters: {"to"=>[:index, :show, :new, :create, :edit, :update]}
  Rendering schoolclasses/index.html.erb within layouts/application
  [1m[36mSchoolclass Load (0.3ms)[0m  [1m[34mSELECT "schoolclasses".* FROM "schoolclasses"[0m
  Rendered schoolclasses/index.html.erb within layouts/application (7.5ms)
Completed 200 OK in 24ms (Views: 19.1ms | ActiveRecord: 0.8ms)


Started GET "/schoolclasses/1" for ::1 at 2020-07-17 18:34:44 -0400
Processing by SchoolclassesController#show as HTML
  Parameters: {"to"=>[:index, :show, :new, :create, :edit, :update], "id"=>"1"}
  [1m[36mSchoolclass Load (0.2ms)[0m  [1m[34mSELECT  "schoolclasses".* FROM "schoolclasses" WHERE "schoolclasses"."id" = ? LIMIT ?[0m  [["id", 1], ["LIMIT", 1]]
  Rendering schoolclasses/show.html.erb within layouts/application
  Rendered schoolclasses/show.html.erb within layouts/application (0.8ms)
Completed 200 OK in 21ms (Views: 14.6ms | ActiveRecord: 0.2ms)


Started GET "/schoolclasses/2" for ::1 at 2020-07-17 18:34:47 -0400
Processing by SchoolclassesController#show as HTML
  Parameters: {"to"=>[:index, :show, :new, :create, :edit, :update], "id"=>"2"}
  [1m[36mSchoolclass Load (0.2ms)[0m  [1m[34mSELECT  "schoolclasses".* FROM "schoolclasses" WHERE "schoolclasses"."id" = ? LIMIT ?[0m  [["id", 2], ["LIMIT", 1]]
  Rendering schoolclasses/show.html.erb within layouts/application
  Rendered schoolclasses/show.html.erb within layouts/application (0.5ms)
Completed 200 OK in 18ms (Views: 15.4ms | ActiveRecord: 0.2ms)


Started GET "/schoolclasses" for ::1 at 2020-07-17 18:37:15 -0400
Processing by SchoolclassesController#index as HTML
  Parameters: {"to"=>[:index, :show, :new, :create, :edit, :update]}
  Rendering schoolclasses/index.html.erb within layouts/application
  [1m[36mSchoolclass Load (0.3ms)[0m  [1m[34mSELECT "schoolclasses".* FROM "schoolclasses"[0m
  Rendered schoolclasses/index.html.erb within layouts/application (6.7ms)
Completed 200 OK in 31ms (Views: 22.9ms | ActiveRecord: 0.9ms)


Started GET "/schoolclasses/new" for ::1 at 2020-07-17 18:37:19 -0400
Processing by SchoolclassesController#new as HTML
  Parameters: {"to"=>[:index, :show, :new, :create, :edit, :update]}
  Rendering schoolclasses/new.html.erb within layouts/application
  Rendered schoolclasses/new.html.erb within layouts/application (39.5ms)
Completed 500 Internal Server Error in 45ms (ActiveRecord: 0.0ms)


  
ActionView::Template::Error (undefined method `integer' for #<ActionView::Helpers::FormBuilder:0x00007feaef098b70>):
     6:   <%= f.text_field :title%>
     7: 
     8:   <%= f.label :room_number %>
     9:   <%= f.integer :room_number %>
    10: 
    11:   <%= f.submit %>
    12: <% end %>
  
app/views/schoolclasses/new.html.erb:9:in `block in _app_views_schoolclasses_new_html_erb__1893009181966298603_70323483807120'
app/views/schoolclasses/new.html.erb:3:in `_app_views_schoolclasses_new_html_erb__1893009181966298603_70323483807120'
  Rendering /Users/elilandau/.rvm/gems/ruby-2.6.1/gems/actionpack-5.0.7.1/lib/action_dispatch/middleware/templates/rescues/template_error.html.erb within rescues/layout
  Rendering /Users/elilandau/.rvm/gems/ruby-2.6.1/gems/actionpack-5.0.7.1/lib/action_dispatch/middleware/templates/rescues/_source.html.erb
  Rendered /Users/elilandau/.rvm/gems/ruby-2.6.1/gems/actionpack-5.0.7.1/lib/action_dispatch/middleware/templates/rescues/_source.html.erb (2.6ms)
  Rendering /Users/elilandau/.rvm/gems/ruby-2.6.1/gems/actionpack-5.0.7.1/lib/action_dispatch/middleware/templates/rescues/_trace.html.erb
  Rendered /Users/elilandau/.rvm/gems/ruby-2.6.1/gems/actionpack-5.0.7.1/lib/action_dispatch/middleware/templates/rescues/_trace.html.erb (1.2ms)
  Rendering /Users/elilandau/.rvm/gems/ruby-2.6.1/gems/actionpack-5.0.7.1/lib/action_dispatch/middleware/templates/rescues/_request_and_response.html.erb
  Rendered /Users/elilandau/.rvm/gems/ruby-2.6.1/gems/actionpack-5.0.7.1/lib/action_dispatch/middleware/templates/rescues/_request_and_response.html.erb (0.9ms)
  Rendered /Users/elilandau/.rvm/gems/ruby-2.6.1/gems/actionpack-5.0.7.1/lib/action_dispatch/middleware/templates/rescues/template_error.html.erb within rescues/layout (21.0ms)
Started GET "/schoolclasses/new" for ::1 at 2020-07-17 18:37:32 -0400
Processing by SchoolclassesController#new as HTML
  Parameters: {"to"=>[:index, :show, :new, :create, :edit, :update]}
  Rendering schoolclasses/new.html.erb within layouts/application
  Rendered schoolclasses/new.html.erb within layouts/application (2.4ms)
Completed 200 OK in 43ms (Views: 41.8ms | ActiveRecord: 0.0ms)


Started POST "/schoolclasses" for ::1 at 2020-07-17 18:37:49 -0400
Processing by SchoolclassesController#create as HTML
  Parameters: {"utf8"=>"✓", "authenticity_token"=>"EKodZ/scQHongv/J21cZMClGxPyMEIc6B8AgMDQYaG0glAx4nxgkCwXrtzuCMPJ5K5sr6/IMAf4y24NvbFnB+w==", "schoolclass"=>{"title"=>"Bio", "room_number"=>"35"}, "commit"=>"Create Schoolclass", "to"=>[:index, :show, :new, :create, :edit, :update]}
  [1m[35m (0.1ms)[0m  [1m[36mbegin transaction[0m
  [1m[35mSQL (0.7ms)[0m  [1m[32mINSERT INTO "schoolclasses" ("title", "room_number", "created_at", "updated_at") VALUES (?, ?, ?, ?)[0m  [["title", "Bio"], ["room_number", 35], ["created_at", "2020-07-17 22:37:49.768215"], ["updated_at", "2020-07-17 22:37:49.768215"]]
  [1m[35m (1.2ms)[0m  [1m[36mcommit transaction[0m
Redirected to http://localhost:3000/schoolclasses/3
Completed 302 Found in 5ms (ActiveRecord: 2.0ms)


Started GET "/schoolclasses/3" for ::1 at 2020-07-17 18:37:49 -0400
Processing by SchoolclassesController#show as HTML
  Parameters: {"to"=>[:index, :show, :new, :create, :edit, :update], "id"=>"3"}
  [1m[36mSchoolclass Load (0.3ms)[0m  [1m[34mSELECT  "schoolclasses".* FROM "schoolclasses" WHERE "schoolclasses"."id" = ? LIMIT ?[0m  [["id", 3], ["LIMIT", 1]]
  Rendering schoolclasses/show.html.erb within layouts/application
  Rendered schoolclasses/show.html.erb within layouts/application (0.5ms)
Completed 200 OK in 17ms (Views: 13.2ms | ActiveRecord: 0.3ms)


Started GET "/schoolclasses" for ::1 at 2020-07-17 18:37:53 -0400
Processing by SchoolclassesController#index as HTML
  Parameters: {"to"=>[:index, :show, :new, :create, :edit, :update]}
  Rendering schoolclasses/index.html.erb within layouts/application
  [1m[36mSchoolclass Load (0.2ms)[0m  [1m[34mSELECT "schoolclasses".* FROM "schoolclasses"[0m
  Rendered schoolclasses/index.html.erb within layouts/application (1.8ms)
Completed 200 OK in 19ms (Views: 17.1ms | ActiveRecord: 0.2ms)


Started GET "/schoolclasses/1" for ::1 at 2020-07-17 18:39:25 -0400
Processing by SchoolclassesController#show as HTML
  Parameters: {"to"=>[:index, :show, :new, :create, :edit, :update], "id"=>"1"}
  [1m[36mSchoolclass Load (0.2ms)[0m  [1m[34mSELECT  "schoolclasses".* FROM "schoolclasses" WHERE "schoolclasses"."id" = ? LIMIT ?[0m  [["id", 1], ["LIMIT", 1]]
  Rendering schoolclasses/show.html.erb within layouts/application
  Rendered schoolclasses/show.html.erb within layouts/application (0.5ms)
Completed 200 OK in 21ms (Views: 11.3ms | ActiveRecord: 1.0ms)


Started GET "/schoolclasses/1/edit" for ::1 at 2020-07-17 18:39:29 -0400
Processing by SchoolclassesController#edit as HTML
  Parameters: {"to"=>[:index, :show, :new, :create, :edit, :update], "id"=>"1"}
  [1m[36mSchoolclass Load (0.2ms)[0m  [1m[34mSELECT  "schoolclasses".* FROM "schoolclasses" WHERE "schoolclasses"."id" = ? LIMIT ?[0m  [["id", 1], ["LIMIT", 1]]
  Rendering schoolclasses/edit.html.erb within layouts/application
  Rendered schoolclasses/edit.html.erb within layouts/application (2.9ms)
Completed 200 OK in 18ms (Views: 15.9ms | ActiveRecord: 0.2ms)


Started PATCH "/schoolclasses/1" for ::1 at 2020-07-17 18:39:33 -0400
Processing by SchoolclassesController#update as HTML
  Parameters: {"utf8"=>"✓", "authenticity_token"=>"+o0Jr2fZDkLPkDXPttwi9lgEBv3UQ+ApJwJ7nI+SM9jKsxiwA91qM+35fT3vu8m/Wtnp6qpfZu0SGdjD19OaTg==", "schoolclass"=>{"title"=>"history", "room_number"=>"50"}, "commit"=>"Update Schoolclass", "to"=>[:index, :show, :new, :create, :edit, :update], "id"=>"1"}
  [1m[36mSchoolclass Load (0.2ms)[0m  [1m[34mSELECT  "schoolclasses".* FROM "schoolclasses" WHERE "schoolclasses"."id" = ? LIMIT ?[0m  [["id", 1], ["LIMIT", 1]]
  [1m[35m (0.1ms)[0m  [1m[36mbegin transaction[0m
  [1m[35mSQL (0.6ms)[0m  [1m[33mUPDATE "schoolclasses" SET "room_number" = ?, "updated_at" = ? WHERE "schoolclasses"."id" = ?[0m  [["room_number", 50], ["updated_at", "2020-07-17 22:39:33.782310"], ["id", 1]]
  [1m[35m (1.3ms)[0m  [1m[36mcommit transaction[0m
Redirected to http://localhost:3000/schoolclasses/1
Completed 302 Found in 6ms (ActiveRecord: 2.1ms)


Started GET "/schoolclasses/1" for ::1 at 2020-07-17 18:39:33 -0400
Processing by SchoolclassesController#show as HTML
  Parameters: {"to"=>[:index, :show, :new, :create, :edit, :update], "id"=>"1"}
  [1m[36mSchoolclass Load (0.2ms)[0m  [1m[34mSELECT  "schoolclasses".* FROM "schoolclasses" WHERE "schoolclasses"."id" = ? LIMIT ?[0m  [["id", 1], ["LIMIT", 1]]
  Rendering schoolclasses/show.html.erb within layouts/application
  Rendered schoolclasses/show.html.erb within layouts/application (0.5ms)
Completed 200 OK in 16ms (Views: 13.2ms | ActiveRecord: 0.2ms)


Started GET "/schoolclasses" for ::1 at 2020-07-17 18:39:37 -0400
Processing by SchoolclassesController#index as HTML
  Parameters: {"to"=>[:index, :show, :new, :create, :edit, :update]}
  Rendering schoolclasses/index.html.erb within layouts/application
  [1m[36mSchoolclass Load (0.3ms)[0m  [1m[34mSELECT "schoolclasses".* FROM "schoolclasses"[0m
  Rendered schoolclasses/index.html.erb within layouts/application (2.0ms)
Completed 200 OK in 17ms (Views: 14.6ms | ActiveRecord: 0.3ms)


Started GET "/schoolclasses" for ::1 at 2020-07-17 18:51:39 -0400
  [1m[36mActiveRecord::SchemaMigration Load (0.4ms)[0m  [1m[34mSELECT "schema_migrations".* FROM "schema_migrations"[0m
Processing by SchoolclassesController#index as HTML
  Parameters: {"to"=>[:index, :show, :new, :create, :edit, :update]}
  Rendering schoolclasses/index.html.erb within layouts/application
  [1m[36mSchoolclass Load (0.5ms)[0m  [1m[34mSELECT "schoolclasses".* FROM "schoolclasses"[0m
  Rendered schoolclasses/index.html.erb within layouts/application (8.5ms)
Completed 200 OK in 219ms (Views: 210.3ms | ActiveRecord: 0.9ms)


Started GET "/schoolclasses/1" for ::1 at 2020-07-17 18:51:41 -0400
Processing by SchoolclassesController#show as HTML
  Parameters: {"to"=>[:index, :show, :new, :create, :edit, :update], "id"=>"1"}
  [1m[36mSchoolclass Load (0.2ms)[0m  [1m[34mSELECT  "schoolclasses".* FROM "schoolclasses" WHERE "schoolclasses"."id" = ? LIMIT ?[0m  [["id", 1], ["LIMIT", 1]]
  Rendering schoolclasses/show.html.erb within layouts/application
  Rendered schoolclasses/show.html.erb within layouts/application (0.5ms)
Completed 200 OK in 23ms (Views: 15.6ms | ActiveRecord: 0.2ms)


Started GET "/students" for ::1 at 2020-07-17 18:51:45 -0400
Processing by StudentsController#index as HTML
  Parameters: {"to"=>[:index, :show, :new, :create, :edit, :update]}
  Rendering students/index.html.erb within layouts/application
  [1m[36mStudent Load (0.5ms)[0m  [1m[34mSELECT "students".* FROM "students"[0m
  Rendered students/index.html.erb within layouts/application (6.7ms)
Completed 200 OK in 24ms (Views: 19.4ms | ActiveRecord: 1.0ms)


Started GET "/students/8" for ::1 at 2020-07-17 18:51:47 -0400
Processing by StudentsController#show as HTML
  Parameters: {"to"=>[:index, :show, :new, :create, :edit, :update], "id"=>"8"}
  [1m[36mStudent Load (0.3ms)[0m  [1m[34mSELECT  "students".* FROM "students" WHERE "students"."id" = ? LIMIT ?[0m  [["id", 8], ["LIMIT", 1]]
  Rendering students/show.html.erb within layouts/application
  Rendered students/show.html.erb within layouts/application (0.5ms)
Completed 200 OK in 19ms (Views: 15.1ms | ActiveRecord: 0.3ms)


